{"meta": {"format": 3, "version": "7.13.5", "timestamp": "2026-04-13T18:37:09.713766", "branch_coverage": false, "show_contexts": false}, "files": {"ourocode\\__init__.py": {"executed_lines": [8, 10, 13, 24, 27, 36, 46, 48], "summary": {"covered_lines": 8, "num_statements": 8, "percent_covered": 100.0, "percent_covered_display": "100", "missing_lines": 0, "excluded_lines": 0, "percent_statements_covered": 100.0, "percent_statements_covered_display": "100"}, "missing_lines": [], "excluded_lines": [], "functions": {"": {"executed_lines": [8, 10, 13, 24, 27, 36, 46, 48], "summary": {"covered_lines": 8, "num_statements": 8, "percent_covered": 100.0, "percent_covered_display": "100", "missing_lines": 0, "excluded_lines": 0, "percent_statements_covered": 100.0, "percent_statements_covered_display": "100"}, "missing_lines": [], "excluded_lines": [], "start_line": 1}}, "classes": {"": {"executed_lines": [8, 10, 13, 24, 27, 36, 46, 48], "summary": {"covered_lines": 8, "num_statements": 8, "percent_covered": 100.0, "percent_covered_display": "100", "missing_lines": 0, "excluded_lines": 0, "percent_statements_covered": 100.0, "percent_statements_covered_display": "100"}, "missing_lines": [], "excluded_lines": [], "start_line": 1}}}, "ourocode\\__version__.py": {"executed_lines": [], "summary": {"covered_lines": 0, "num_statements": 14, "percent_covered": 0.0, "percent_covered_display": "0", "missing_lines": 14, "excluded_lines": 0, "percent_statements_covered": 0.0, "percent_statements_covered_display": "0"}, "missing_lines": [1, 3, 4, 5, 6, 7, 8, 9, 11, 12, 13, 14, 15, 18], "excluded_lines": [], "functions": {"": {"executed_lines": [], "summary": {"covered_lines": 0, "num_statements": 14, "percent_covered": 0.0, "percent_covered_display": "0", "missing_lines": 14, "excluded_lines": 0, "percent_statements_covered": 0.0, "percent_statements_covered_display": "0"}, "missing_lines": [1, 3, 4, 5, 6, 7, 8, 9, 11, 12, 13, 14, 15, 18], "excluded_lines": [], "start_line": 1}}, "classes": {"": {"executed_lines": [], "summary": {"covered_lines": 0, "num_statements": 14, "percent_covered": 0.0, "percent_covered_display": "0", "missing_lines": 14, "excluded_lines": 0, "percent_statements_covered": 0.0, "percent_statements_covered_display": "0"}, "missing_lines": [1, 3, 4, 5, 6, 7, 8, 9, 11, 12, 13, 14, 15, 18], "excluded_lines": [], "start_line": 1}}}, "ourocode\\eurocode\\__init__.py": {"executed_lines": [7, 8, 9, 10, 11, 14, 25, 28, 37, 47, 49], "summary": {"covered_lines": 11, "num_statements": 11, "percent_covered": 100.0, "percent_covered_display": "100", "missing_lines": 0, "excluded_lines": 0, "percent_statements_covered": 100.0, "percent_statements_covered_display": "100"}, "missing_lines": [], "excluded_lines": [], "functions": {"": {"executed_lines": [7, 8, 9, 10, 11, 14, 25, 28, 37, 47, 49], "summary": {"covered_lines": 11, "num_statements": 11, "percent_covered": 100.0, "percent_covered_display": "100", "missing_lines": 0, "excluded_lines": 0, "percent_statements_covered": 100.0, "percent_statements_covered_display": "100"}, "missing_lines": [], "excluded_lines": [], "start_line": 1}}, "classes": {"": {"executed_lines": [7, 8, 9, 10, 11, 14, 25, 28, 37, 47, 49], "summary": {"covered_lines": 11, "num_statements": 11, "percent_covered": 100.0, "percent_covered_display": "100", "missing_lines": 0, "excluded_lines": 0, "percent_statements_covered": 100.0, "percent_statements_covered_display": "100"}, "missing_lines": [], "excluded_lines": [], "start_line": 1}}}, "ourocode\\eurocode\\core\\__init__.py": {"executed_lines": [1, 2, 3, 4, 5, 6, 8], "summary": {"covered_lines": 7, "num_statements": 7, "percent_covered": 100.0, "percent_covered_display": "100", "missing_lines": 0, "excluded_lines": 0, "percent_statements_covered": 100.0, "percent_statements_covered_display": "100"}, "missing_lines": [], "excluded_lines": [], "functions": {"": {"executed_lines": [1, 2, 3, 4, 5, 6, 8], "summary": {"covered_lines": 7, "num_statements": 7, "percent_covered": 100.0, "percent_covered_display": "100", "missing_lines": 0, "excluded_lines": 0, "percent_statements_covered": 100.0, "percent_statements_covered_display": "100"}, "missing_lines": [], "excluded_lines": [], "start_line": 1}}, "classes": {"": {"executed_lines": [1, 2, 3, 4, 5, 6, 8], "summary": {"covered_lines": 7, "num_statements": 7, "percent_covered": 100.0, "percent_covered_display": "100", "missing_lines": 0, "excluded_lines": 0, "percent_statements_covered": 100.0, "percent_statements_covered_display": "100"}, "missing_lines": [], "excluded_lines": [], "start_line": 1}}}, "ourocode\\eurocode\\core\\batiment.py": {"executed_lines": [3, 5, 8, 19, 21, 48, 49, 50, 51, 52, 53], "summary": {"covered_lines": 11, "num_statements": 11, "percent_covered": 100.0, "percent_covered_display": "100", "missing_lines": 0, "excluded_lines": 0, "percent_statements_covered": 100.0, "percent_statements_covered_display": "100"}, "missing_lines": [], "excluded_lines": [], "functions": {"Batiment.__init__": {"executed_lines": [48, 49, 50, 51, 52, 53], "summary": {"covered_lines": 6, "num_statements": 6, "percent_covered": 100.0, "percent_covered_display": "100", "missing_lines": 0, "excluded_lines": 0, "percent_statements_covered": 100.0, "percent_statements_covered_display": "100"}, "missing_lines": [], "excluded_lines": [], "start_line": 21}, "": {"executed_lines": [3, 5, 8, 19, 21], "summary": {"covered_lines": 5, "num_statements": 5, "percent_covered": 100.0, "percent_covered_display": "100", "missing_lines": 0, "excluded_lines": 0, "percent_statements_covered": 100.0, "percent_statements_covered_display": "100"}, "missing_lines": [], "excluded_lines": [], "start_line": 1}}, "classes": {"Batiment": {"executed_lines": [48, 49, 50, 51, 52, 53], "summary": {"covered_lines": 6, "num_statements": 6, "percent_covered": 100.0, "percent_covered_display": "100", "missing_lines": 0, "excluded_lines": 0, "percent_statements_covered": 100.0, "percent_statements_covered_display": "100"}, "missing_lines": [], "excluded_lines": [], "start_line": 8}, "": {"executed_lines": [3, 5, 8, 19, 21], "summary": {"covered_lines": 5, "num_statements": 5, "percent_covered": 100.0, "percent_covered_display": "100", "missing_lines": 0, "excluded_lines": 0, "percent_statements_covered": 100.0, "percent_statements_covered_display": "100"}, "missing_lines": [], "excluded_lines": [], "start_line": 1}}}, "ourocode\\eurocode\\core\\combinaison.py": {"executed_lines": [3, 4, 5, 9, 10, 13, 30, 31, 32, 34, 83, 84, 85, 86, 87, 88, 89, 90, 91, 92, 93, 94, 98, 100, 101, 102, 103, 104, 106, 107, 109, 110, 112, 113, 124, 125, 126, 127, 128, 129, 130, 131, 132, 133, 134, 135, 137, 138, 140, 141, 144, 146, 147, 149, 150, 151, 152, 153, 155, 156, 157, 158, 159, 162, 163, 164, 166, 167, 169, 178, 193, 194, 196, 197, 213, 215, 222, 223, 224, 225, 226, 229, 231, 232, 236, 237, 238, 240, 242, 243, 245, 247, 249, 250, 251, 255, 256, 258, 259, 260, 261, 262, 265, 267, 268, 269, 270, 272, 276, 279, 282, 286, 287, 295, 296, 299, 303, 304, 309, 313, 314, 315, 318, 332, 334, 335, 338, 347, 351, 355, 358, 367, 370, 373, 382, 383, 384, 388, 538, 539, 540, 542, 546, 547, 549, 551, 552, 554, 555, 559, 560, 561, 565, 567, 568, 569, 571, 572, 578, 579, 580, 584, 594, 595, 598, 602, 603, 607, 608, 609, 613, 617, 618, 621, 898, 899, 900, 902, 906, 907, 911, 912, 914, 915, 916, 918, 919, 920, 921, 925, 926, 927, 929, 933, 937, 938, 942, 943, 948, 952, 953, 957, 961, 968, 970, 971, 980, 984, 985, 988, 997, 1000, 1009, 1010, 1011, 1015, 1148, 1149, 1150, 1152, 1156, 1157, 1159, 1160, 1162, 1163, 1165, 1166, 1167, 1168, 1172, 1174, 1175, 1464, 1465, 1466, 1468, 1472, 1473, 1475, 1498, 1623, 1629, 1632, 1638, 1641, 1642, 1644, 1645, 1647, 1676, 1677, 1678, 1680, 1681, 1683, 1684, 1686, 1687, 1689, 1690, 1692, 1693, 1701, 1702, 1703, 1705, 1707, 1713, 1714, 1716, 1722, 1723, 1724, 1725, 1726, 1727, 1730, 1759], "summary": {"covered_lines": 279, "num_statements": 577, "percent_covered": 48.353552859618716, "percent_covered_display": "48", "missing_lines": 298, "excluded_lines": 0, "percent_statements_covered": 48.353552859618716, "percent_statements_covered_display": "48"}, "missing_lines": [95, 96, 115, 116, 118, 119, 122, 142, 160, 234, 277, 278, 288, 289, 290, 291, 393, 397, 402, 433, 437, 441, 445, 456, 464, 472, 476, 487, 495, 503, 507, 518, 524, 528, 544, 570, 585, 622, 623, 631, 640, 641, 642, 643, 652, 656, 659, 662, 671, 675, 676, 685, 690, 693, 701, 702, 704, 705, 708, 712, 717, 721, 726, 732, 733, 756, 784, 785, 789, 793, 802, 810, 815, 819, 828, 836, 841, 845, 854, 860, 864, 875, 882, 888, 896, 897, 904, 1020, 1024, 1029, 1057, 1061, 1065, 1076, 1084, 1089, 1092, 1103, 1111, 1116, 1119, 1130, 1136, 1137, 1154, 1176, 1181, 1183, 1187, 1188, 1189, 1193, 1194, 1198, 1199, 1203, 1208, 1209, 1212, 1213, 1231, 1232, 1233, 1242, 1246, 1249, 1252, 1261, 1265, 1268, 1271, 1280, 1281, 1285, 1291, 1300, 1306, 1311, 1319, 1351, 1355, 1359, 1370, 1380, 1387, 1393, 1402, 1412, 1419, 1425, 1434, 1442, 1449, 1455, 1470, 1481, 1482, 1483, 1484, 1485, 1486, 1487, 1488, 1489, 1490, 1491, 1492, 1493, 1494, 1495, 1496, 1501, 1502, 1504, 1507, 1508, 1509, 1510, 1511, 1512, 1515, 1516, 1517, 1518, 1519, 1521, 1522, 1523, 1524, 1525, 1526, 1527, 1528, 1529, 1530, 1532, 1533, 1534, 1535, 1536, 1537, 1541, 1542, 1546, 1548, 1549, 1550, 1551, 1553, 1554, 1556, 1557, 1558, 1559, 1560, 1561, 1563, 1566, 1569, 1570, 1571, 1572, 1573, 1574, 1575, 1576, 1577, 1578, 1579, 1581, 1582, 1583, 1584, 1585, 1586, 1587, 1588, 1591, 1595, 1598, 1599, 1600, 1615, 1616, 1618, 1619, 1620, 1625, 1626, 1627, 1630, 1634, 1635, 1636, 1639, 1656, 1657, 1658, 1659, 1660, 1661, 1662, 1663, 1664, 1665, 1666, 1667, 1668, 1669, 1670, 1671, 1672, 1673, 1674, 1695, 1696, 1698, 1699, 1737, 1746, 1747, 1748, 1749, 1750, 1751, 1752, 1753, 1755, 1756, 1761, 1767, 1768, 1769, 1772, 1782, 1784, 1790, 1791], "excluded_lines": [], "functions": {"Combinaison.__init__": {"executed_lines": [83, 84, 85, 86, 87, 88, 89, 90, 91, 92, 93, 94], "summary": {"covered_lines": 12, "num_statements": 14, "percent_covered": 85.71428571428571, "percent_covered_display": "86", "missing_lines": 2, "excluded_lines": 0, "percent_statements_covered": 85.71428571428571, "percent_statements_covered_display": "86"}, "missing_lines": [95, 96], "excluded_lines": [], "start_line": 34}, "Combinaison._generate_combinaison": {"executed_lines": [100, 101, 102, 103, 104, 106, 107, 109, 110, 112, 113, 124, 125, 126, 127, 128, 129, 130, 131, 132, 133, 134, 135], "summary": {"covered_lines": 23, "num_statements": 28, "percent_covered": 82.14285714285714, "percent_covered_display": "82", "missing_lines": 5, "excluded_lines": 0, "percent_statements_covered": 82.14285714285714, "percent_statements_covered_display": "82"}, "missing_lines": [115, 116, 118, 119, 122], "excluded_lines": [], "start_line": 98}, "Combinaison.coef_psy": {"executed_lines": [140, 141, 144, 146, 147, 149, 150, 151, 152, 153], "summary": {"covered_lines": 10, "num_statements": 11, "percent_covered": 90.9090909090909, "percent_covered_display": "91", "missing_lines": 1, "excluded_lines": 0, "percent_statements_covered": 90.9090909090909, "percent_statements_covered_display": "91"}, "missing_lines": [142], "excluded_lines": [], "start_line": 138}, "Combinaison._key_action_psy": {"executed_lines": [156, 157, 158, 159, 162, 163, 164, 166, 167], "summary": {"covered_lines": 9, "num_statements": 10, "percent_covered": 90.0, "percent_covered_display": "90", "missing_lines": 1, "excluded_lines": 0, "percent_statements_covered": 90.0, "percent_statements_covered_display": "90"}, "missing_lines": [160], "excluded_lines": [], "start_line": 155}, "Combinaison._create_array_load": {"executed_lines": [178, 193, 194], "summary": {"covered_lines": 3, "num_statements": 3, "percent_covered": 100.0, "percent_covered_display": "100", "missing_lines": 0, "excluded_lines": 0, "percent_statements_covered": 100.0, "percent_statements_covered_display": "100"}, "missing_lines": [], "excluded_lines": [], "start_line": 169}, "Combinaison._create_dataframe_load": {"executed_lines": [197, 213], "summary": {"covered_lines": 2, "num_statements": 2, "percent_covered": 100.0, "percent_covered_display": "100", "missing_lines": 0, "excluded_lines": 0, "percent_statements_covered": 100.0, "percent_statements_covered_display": "100"}, "missing_lines": [], "excluded_lines": [], "start_line": 196}, "Combinaison._create_analyze_type": {"executed_lines": [222, 223, 224, 225, 226], "summary": {"covered_lines": 5, "num_statements": 5, "percent_covered": 100.0, "percent_covered_display": "100", "missing_lines": 0, "excluded_lines": 0, "percent_statements_covered": 100.0, "percent_statements_covered_display": "100"}, "missing_lines": [], "excluded_lines": [], "start_line": 215}, "Combinaison._calcs_combined_load": {"executed_lines": [231, 232], "summary": {"covered_lines": 2, "num_statements": 3, "percent_covered": 66.66666666666667, "percent_covered_display": "67", "missing_lines": 1, "excluded_lines": 0, "percent_statements_covered": 66.66666666666667, "percent_statements_covered_display": "67"}, "missing_lines": [234], "excluded_lines": [], "start_line": 229}, "Combinaison._create_list_combination": {"executed_lines": [237, 238], "summary": {"covered_lines": 2, "num_statements": 2, "percent_covered": 100.0, "percent_covered_display": "100", "missing_lines": 0, "excluded_lines": 0, "percent_statements_covered": 100.0, "percent_statements_covered_display": "100"}, "missing_lines": [], "excluded_lines": [], "start_line": 236}, "Combinaison._add_combination": {"executed_lines": [242, 243], "summary": {"covered_lines": 2, "num_statements": 2, "percent_covered": 100.0, "percent_covered_display": "100", "missing_lines": 0, "excluded_lines": 0, "percent_statements_covered": 100.0, "percent_statements_covered_display": "100"}, "missing_lines": [], "excluded_lines": [], "start_line": 240}, "Combinaison._ELU_STR": {"executed_lines": [247, 249, 250, 251, 255, 256, 258, 259, 260, 261, 262, 265, 267, 268, 269, 270, 272, 276, 279, 282, 286, 287, 295, 296, 299, 303, 304, 309, 313, 314, 315, 318, 332, 334, 335, 338, 347, 351, 355, 358, 367, 370, 373, 382, 383, 384, 388, 538, 539, 540], "summary": {"covered_lines": 50, "num_statements": 74, "percent_covered": 67.56756756756756, "percent_covered_display": "68", "missing_lines": 24, "excluded_lines": 0, "percent_statements_covered": 67.56756756756756, "percent_statements_covered_display": "68"}, "missing_lines": [277, 278, 288, 289, 290, 291, 393, 397, 402, 433, 437, 441, 445, 456, 464, 472, 476, 487, 495, 503, 507, 518, 524, 528], "excluded_lines": [], "start_line": 245}, "Combinaison.get_ELU_STR_loads": {"executed_lines": [], "summary": {"covered_lines": 0, "num_statements": 1, "percent_covered": 0.0, "percent_covered_display": "0", "missing_lines": 1, "excluded_lines": 0, "percent_statements_covered": 0.0, "percent_statements_covered_display": "0"}, "missing_lines": [544], "excluded_lines": [], "start_line": 542}, "Combinaison._return_combi_ELUSTR": {"executed_lines": [547], "summary": {"covered_lines": 1, "num_statements": 1, "percent_covered": 100.0, "percent_covered_display": "100", "missing_lines": 0, "excluded_lines": 0, "percent_statements_covered": 100.0, "percent_statements_covered_display": "100"}, "missing_lines": [], "excluded_lines": [], "start_line": 546}, "Combinaison._ELU_STR_ACC": {"executed_lines": [551, 552, 554, 555, 559, 560, 561, 565, 567, 568, 569, 571, 572, 578, 579, 580, 584, 594, 595, 598, 602, 603, 607, 608, 609, 613, 617, 618, 621, 898, 899, 900], "summary": {"covered_lines": 32, "num_statements": 83, "percent_covered": 38.55421686746988, "percent_covered_display": "39", "missing_lines": 51, "excluded_lines": 0, "percent_statements_covered": 38.55421686746988, "percent_statements_covered_display": "39"}, "missing_lines": [570, 585, 622, 623, 631, 640, 641, 642, 643, 652, 656, 659, 662, 671, 675, 676, 685, 690, 693, 701, 702, 704, 705, 708, 712, 717, 721, 726, 732, 733, 756, 784, 785, 789, 793, 802, 810, 815, 819, 828, 836, 841, 845, 854, 860, 864, 875, 882, 888, 896, 897], "excluded_lines": [], "start_line": 549}, "Combinaison.get_ELU_STR_ACC_loads": {"executed_lines": [], "summary": {"covered_lines": 0, "num_statements": 1, "percent_covered": 0.0, "percent_covered_display": "0", "missing_lines": 1, "excluded_lines": 0, "percent_statements_covered": 0.0, "percent_statements_covered_display": "0"}, "missing_lines": [904], "excluded_lines": [], "start_line": 902}, "Combinaison._return_combi_ELU_STR_ACC": {"executed_lines": [907], "summary": {"covered_lines": 1, "num_statements": 1, "percent_covered": 100.0, "percent_covered_display": "100", "missing_lines": 0, "excluded_lines": 0, "percent_statements_covered": 100.0, "percent_statements_covered_display": "100"}, "missing_lines": [], "excluded_lines": [], "start_line": 906}, "Combinaison._ELS_C": {"executed_lines": [912, 914, 915, 916, 918, 919, 920, 921, 925, 926, 927, 929, 933, 937, 938, 942, 943, 948, 952, 953, 957, 961, 968, 970, 971, 980, 984, 985, 988, 997, 1000, 1009, 1010, 1011, 1015, 1148, 1149, 1150], "summary": {"covered_lines": 38, "num_statements": 55, "percent_covered": 69.0909090909091, "percent_covered_display": "69", "missing_lines": 17, "excluded_lines": 0, "percent_statements_covered": 69.0909090909091, "percent_statements_covered_display": "69"}, "missing_lines": [1020, 1024, 1029, 1057, 1061, 1065, 1076, 1084, 1089, 1092, 1103, 1111, 1116, 1119, 1130, 1136, 1137], "excluded_lines": [], "start_line": 911}, "Combinaison.get_ELS_C_loads": {"executed_lines": [], "summary": {"covered_lines": 0, "num_statements": 1, "percent_covered": 0.0, "percent_covered_display": "0", "missing_lines": 1, "excluded_lines": 0, "percent_statements_covered": 0.0, "percent_statements_covered_display": "0"}, "missing_lines": [1154], "excluded_lines": [], "start_line": 1152}, "Combinaison._return_combi_ELScarac": {"executed_lines": [1157], "summary": {"covered_lines": 1, "num_statements": 1, "percent_covered": 100.0, "percent_covered_display": "100", "missing_lines": 0, "excluded_lines": 0, "percent_statements_covered": 100.0, "percent_statements_covered_display": "100"}, "missing_lines": [], "excluded_lines": [], "start_line": 1156}, "Combinaison._ELS_QP": {"executed_lines": [1160, 1162, 1163, 1165, 1166, 1167, 1168, 1172, 1174, 1175, 1464, 1465, 1466], "summary": {"covered_lines": 13, "num_statements": 62, "percent_covered": 20.967741935483872, "percent_covered_display": "21", "missing_lines": 49, "excluded_lines": 0, "percent_statements_covered": 20.967741935483872, "percent_statements_covered_display": "21"}, "missing_lines": [1176, 1181, 1183, 1187, 1188, 1189, 1193, 1194, 1198, 1199, 1203, 1208, 1209, 1212, 1213, 1231, 1232, 1233, 1242, 1246, 1249, 1252, 1261, 1265, 1268, 1271, 1280, 1281, 1285, 1291, 1300, 1306, 1311, 1319, 1351, 1355, 1359, 1370, 1380, 1387, 1393, 1402, 1412, 1419, 1425, 1434, 1442, 1449, 1455], "excluded_lines": [], "start_line": 1159}, "Combinaison.get_ELS_QP_loads": {"executed_lines": [], "summary": {"covered_lines": 0, "num_statements": 1, "percent_covered": 0.0, "percent_covered_display": "0", "missing_lines": 1, "excluded_lines": 0, "percent_statements_covered": 0.0, "percent_statements_covered_display": "0"}, "missing_lines": [1470], "excluded_lines": [], "start_line": 1468}, "Combinaison._return_combi_ELSqp": {"executed_lines": [1473], "summary": {"covered_lines": 1, "num_statements": 1, "percent_covered": 100.0, "percent_covered_display": "100", "missing_lines": 0, "excluded_lines": 0, "percent_statements_covered": 100.0, "percent_statements_covered_display": "100"}, "missing_lines": [], "excluded_lines": [], "start_line": 1472}, "Combinaison.get_psy_2_by_combination": {"executed_lines": [], "summary": {"covered_lines": 0, "num_statements": 16, "percent_covered": 0.0, "percent_covered_display": "0", "missing_lines": 16, "excluded_lines": 0, "percent_statements_covered": 0.0, "percent_statements_covered_display": "0"}, "missing_lines": [1481, 1482, 1483, 1484, 1485, 1486, 1487, 1488, 1489, 1490, 1491, 1492, 1493, 1494, 1495, 1496], "excluded_lines": [], "start_line": 1475}, "Combinaison._els_fleche_bois": {"executed_lines": [], "summary": {"covered_lines": 0, "num_statements": 76, "percent_covered": 0.0, "percent_covered_display": "0", "missing_lines": 76, "excluded_lines": 0, "percent_statements_covered": 0.0, "percent_statements_covered_display": "0"}, "missing_lines": [1501, 1502, 1504, 1507, 1508, 1509, 1510, 1511, 1512, 1515, 1516, 1517, 1518, 1519, 1521, 1522, 1523, 1524, 1525, 1526, 1527, 1528, 1529, 1530, 1532, 1533, 1534, 1535, 1536, 1537, 1541, 1542, 1546, 1548, 1549, 1550, 1551, 1553, 1554, 1556, 1557, 1558, 1559, 1560, 1561, 1563, 1566, 1569, 1570, 1571, 1572, 1573, 1574, 1575, 1576, 1577, 1578, 1579, 1581, 1582, 1583, 1584, 1585, 1586, 1587, 1588, 1591, 1595, 1598, 1599, 1600, 1615, 1616, 1618, 1619, 1620], "excluded_lines": [], "start_line": 1498}, "Combinaison.get_W_inst_Q_loads": {"executed_lines": [], "summary": {"covered_lines": 0, "num_statements": 3, "percent_covered": 0.0, "percent_covered_display": "0", "missing_lines": 3, "excluded_lines": 0, "percent_statements_covered": 0.0, "percent_statements_covered_display": "0"}, "missing_lines": [1625, 1626, 1627], "excluded_lines": [], "start_line": 1623}, "Combinaison._return_combi_W_inst_Q": {"executed_lines": [], "summary": {"covered_lines": 0, "num_statements": 1, "percent_covered": 0.0, "percent_covered_display": "0", "missing_lines": 1, "excluded_lines": 0, "percent_statements_covered": 0.0, "percent_statements_covered_display": "0"}, "missing_lines": [1630], "excluded_lines": [], "start_line": 1629}, "Combinaison.get_W_net_fin_loads": {"executed_lines": [], "summary": {"covered_lines": 0, "num_statements": 3, "percent_covered": 0.0, "percent_covered_display": "0", "missing_lines": 3, "excluded_lines": 0, "percent_statements_covered": 0.0, "percent_statements_covered_display": "0"}, "missing_lines": [1634, 1635, 1636], "excluded_lines": [], "start_line": 1632}, "Combinaison._return_combi_W_net_fin": {"executed_lines": [], "summary": {"covered_lines": 0, "num_statements": 1, "percent_covered": 0.0, "percent_covered_display": "0", "missing_lines": 1, "excluded_lines": 0, "percent_statements_covered": 0.0, "percent_statements_covered_display": "0"}, "missing_lines": [1639], "excluded_lines": [], "start_line": 1638}, "Combinaison.list_combination": {"executed_lines": [1644, 1645], "summary": {"covered_lines": 2, "num_statements": 2, "percent_covered": 100.0, "percent_covered_display": "100", "missing_lines": 0, "excluded_lines": 0, "percent_statements_covered": 100.0, "percent_statements_covered_display": "100"}, "missing_lines": [], "excluded_lines": [], "start_line": 1642}, "Combinaison.get_list_combination": {"executed_lines": [], "summary": {"covered_lines": 0, "num_statements": 19, "percent_covered": 0.0, "percent_covered_display": "0", "missing_lines": 19, "excluded_lines": 0, "percent_statements_covered": 0.0, "percent_statements_covered_display": "0"}, "missing_lines": [1656, 1657, 1658, 1659, 1660, 1661, 1662, 1663, 1664, 1665, 1666, 1667, 1668, 1669, 1670, 1671, 1672, 1673, 1674], "excluded_lines": [], "start_line": 1647}, "Combinaison._choice_combi_df": {"executed_lines": [1677, 1678, 1680, 1681, 1683, 1684, 1686, 1687, 1689, 1690, 1692, 1693, 1701, 1702, 1703, 1705], "summary": {"covered_lines": 16, "num_statements": 20, "percent_covered": 80.0, "percent_covered_display": "80", "missing_lines": 4, "excluded_lines": 0, "percent_statements_covered": 80.0, "percent_statements_covered_display": "80"}, "missing_lines": [1695, 1696, 1698, 1699], "excluded_lines": [], "start_line": 1676}, "Combinaison.get_combi_list_load": {"executed_lines": [1713, 1714], "summary": {"covered_lines": 2, "num_statements": 2, "percent_covered": 100.0, "percent_covered_display": "100", "missing_lines": 0, "excluded_lines": 0, "percent_statements_covered": 100.0, "percent_statements_covered_display": "100"}, "missing_lines": [], "excluded_lines": [], "start_line": 1707}, "Combinaison._get_combi_factor_load": {"executed_lines": [1722, 1723, 1724, 1725, 1726, 1727], "summary": {"covered_lines": 6, "num_statements": 6, "percent_covered": 100.0, "percent_covered_display": "100", "missing_lines": 0, "excluded_lines": 0, "percent_statements_covered": 100.0, "percent_statements_covered_display": "100"}, "missing_lines": [], "excluded_lines": [], "start_line": 1716}, "Combinaison.min_type_load": {"executed_lines": [], "summary": {"covered_lines": 0, "num_statements": 11, "percent_covered": 0.0, "percent_covered_display": "0", "missing_lines": 11, "excluded_lines": 0, "percent_statements_covered": 0.0, "percent_statements_covered_display": "0"}, "missing_lines": [1737, 1746, 1747, 1748, 1749, 1750, 1751, 1752, 1753, 1755, 1756], "excluded_lines": [], "start_line": 1730}, "": {"executed_lines": [3, 4, 5, 9, 10, 13, 30, 31, 32, 34, 98, 137, 138, 155, 169, 196, 215, 229, 236, 240, 245, 542, 546, 549, 902, 906, 911, 1152, 1156, 1159, 1468, 1472, 1475, 1498, 1623, 1629, 1632, 1638, 1641, 1642, 1647, 1676, 1707, 1716, 1730, 1759], "summary": {"covered_lines": 46, "num_statements": 55, "percent_covered": 83.63636363636364, "percent_covered_display": "84", "missing_lines": 9, "excluded_lines": 0, "percent_statements_covered": 83.63636363636364, "percent_statements_covered_display": "84"}, "missing_lines": [1761, 1767, 1768, 1769, 1772, 1782, 1784, 1790, 1791], "excluded_lines": [], "start_line": 1}}, "classes": {"Combinaison": {"executed_lines": [83, 84, 85, 86, 87, 88, 89, 90, 91, 92, 93, 94, 100, 101, 102, 103, 104, 106, 107, 109, 110, 112, 113, 124, 125, 126, 127, 128, 129, 130, 131, 132, 133, 134, 135, 140, 141, 144, 146, 147, 149, 150, 151, 152, 153, 156, 157, 158, 159, 162, 163, 164, 166, 167, 178, 193, 194, 197, 213, 222, 223, 224, 225, 226, 231, 232, 237, 238, 242, 243, 247, 249, 250, 251, 255, 256, 258, 259, 260, 261, 262, 265, 267, 268, 269, 270, 272, 276, 279, 282, 286, 287, 295, 296, 299, 303, 304, 309, 313, 314, 315, 318, 332, 334, 335, 338, 347, 351, 355, 358, 367, 370, 373, 382, 383, 384, 388, 538, 539, 540, 547, 551, 552, 554, 555, 559, 560, 561, 565, 567, 568, 569, 571, 572, 578, 579, 580, 584, 594, 595, 598, 602, 603, 607, 608, 609, 613, 617, 618, 621, 898, 899, 900, 907, 912, 914, 915, 916, 918, 919, 920, 921, 925, 926, 927, 929, 933, 937, 938, 942, 943, 948, 952, 953, 957, 961, 968, 970, 971, 980, 984, 985, 988, 997, 1000, 1009, 1010, 1011, 1015, 1148, 1149, 1150, 1157, 1160, 1162, 1163, 1165, 1166, 1167, 1168, 1172, 1174, 1175, 1464, 1465, 1466, 1473, 1644, 1645, 1677, 1678, 1680, 1681, 1683, 1684, 1686, 1687, 1689, 1690, 1692, 1693, 1701, 1702, 1703, 1705, 1713, 1714, 1722, 1723, 1724, 1725, 1726, 1727], "summary": {"covered_lines": 233, "num_statements": 522, "percent_covered": 44.6360153256705, "percent_covered_display": "45", "missing_lines": 289, "excluded_lines": 0, "percent_statements_covered": 44.6360153256705, "percent_statements_covered_display": "45"}, "missing_lines": [95, 96, 115, 116, 118, 119, 122, 142, 160, 234, 277, 278, 288, 289, 290, 291, 393, 397, 402, 433, 437, 441, 445, 456, 464, 472, 476, 487, 495, 503, 507, 518, 524, 528, 544, 570, 585, 622, 623, 631, 640, 641, 642, 643, 652, 656, 659, 662, 671, 675, 676, 685, 690, 693, 701, 702, 704, 705, 708, 712, 717, 721, 726, 732, 733, 756, 784, 785, 789, 793, 802, 810, 815, 819, 828, 836, 841, 845, 854, 860, 864, 875, 882, 888, 896, 897, 904, 1020, 1024, 1029, 1057, 1061, 1065, 1076, 1084, 1089, 1092, 1103, 1111, 1116, 1119, 1130, 1136, 1137, 1154, 1176, 1181, 1183, 1187, 1188, 1189, 1193, 1194, 1198, 1199, 1203, 1208, 1209, 1212, 1213, 1231, 1232, 1233, 1242, 1246, 1249, 1252, 1261, 1265, 1268, 1271, 1280, 1281, 1285, 1291, 1300, 1306, 1311, 1319, 1351, 1355, 1359, 1370, 1380, 1387, 1393, 1402, 1412, 1419, 1425, 1434, 1442, 1449, 1455, 1470, 1481, 1482, 1483, 1484, 1485, 1486, 1487, 1488, 1489, 1490, 1491, 1492, 1493, 1494, 1495, 1496, 1501, 1502, 1504, 1507, 1508, 1509, 1510, 1511, 1512, 1515, 1516, 1517, 1518, 1519, 1521, 1522, 1523, 1524, 1525, 1526, 1527, 1528, 1529, 1530, 1532, 1533, 1534, 1535, 1536, 1537, 1541, 1542, 1546, 1548, 1549, 1550, 1551, 1553, 1554, 1556, 1557, 1558, 1559, 1560, 1561, 1563, 1566, 1569, 1570, 1571, 1572, 1573, 1574, 1575, 1576, 1577, 1578, 1579, 1581, 1582, 1583, 1584, 1585, 1586, 1587, 1588, 1591, 1595, 1598, 1599, 1600, 1615, 1616, 1618, 1619, 1620, 1625, 1626, 1627, 1630, 1634, 1635, 1636, 1639, 1656, 1657, 1658, 1659, 1660, 1661, 1662, 1663, 1664, 1665, 1666, 1667, 1668, 1669, 1670, 1671, 1672, 1673, 1674, 1695, 1696, 1698, 1699, 1737, 1746, 1747, 1748, 1749, 1750, 1751, 1752, 1753, 1755, 1756], "excluded_lines": [], "start_line": 13}, "": {"executed_lines": [3, 4, 5, 9, 10, 13, 30, 31, 32, 34, 98, 137, 138, 155, 169, 196, 215, 229, 236, 240, 245, 542, 546, 549, 902, 906, 911, 1152, 1156, 1159, 1468, 1472, 1475, 1498, 1623, 1629, 1632, 1638, 1641, 1642, 1647, 1676, 1707, 1716, 1730, 1759], "summary": {"covered_lines": 46, "num_statements": 55, "percent_covered": 83.63636363636364, "percent_covered_display": "84", "missing_lines": 9, "excluded_lines": 0, "percent_statements_covered": 83.63636363636364, "percent_statements_covered_display": "84"}, "missing_lines": [1761, 1767, 1768, 1769, 1772, 1782, 1784, 1790, 1791], "excluded_lines": [], "start_line": 1}}}, "ourocode\\eurocode\\core\\model_generator.py": {"executed_lines": [3, 4, 5, 6, 8, 10, 13, 31, 40, 41, 45, 52, 53, 61, 63, 77, 101, 119, 139, 140, 146, 148, 154, 155, 161, 163, 165, 166, 167, 169, 183, 185, 196, 261, 306, 309, 310, 311, 312, 317, 322, 323, 328, 338, 339, 340, 341, 344, 355, 356, 360, 362, 368, 369, 370, 371, 372, 375, 387, 388, 389, 390, 394, 396, 403, 405, 407, 408, 409, 411, 431, 442, 452, 478, 479, 480, 481, 482, 483, 484, 491, 493, 533, 539, 540, 547, 549, 550, 551, 552, 554, 570, 580, 581, 582, 583, 584, 588, 592, 593, 594, 595, 596, 600, 602, 631, 635, 636, 637, 640, 641, 650, 652, 681, 687, 688, 695, 697, 698, 699, 700, 702, 718, 728, 784, 834, 873, 882, 893, 923, 924, 925, 927, 929, 941, 964, 965, 966, 967, 968, 980, 982, 1027, 1028, 1029, 1031, 1033, 1034, 1036, 1049, 1051, 1123, 1157, 1168, 1169, 1170, 1171, 1172, 1173, 1204, 1206, 1207, 1208, 1209, 1211, 1219, 1221, 1243, 1258, 1259, 1260, 1261, 1262, 1263, 1264, 1265, 1267, 1268, 1269, 1271, 1296, 1365, 1418, 1460], "summary": {"covered_lines": 184, "num_statements": 374, "percent_covered": 49.19786096256684, "percent_covered_display": "49", "missing_lines": 190, "excluded_lines": 0, "percent_statements_covered": 49.19786096256684, "percent_statements_covered_display": "49"}, "missing_lines": [75, 88, 89, 90, 93, 94, 98, 99, 111, 114, 115, 192, 206, 217, 220, 223, 224, 226, 227, 230, 233, 237, 239, 242, 245, 248, 251, 259, 307, 357, 358, 373, 374, 391, 392, 397, 398, 399, 429, 440, 448, 524, 531, 568, 576, 586, 598, 599, 632, 638, 639, 672, 679, 716, 724, 772, 780, 821, 822, 832, 864, 865, 871, 879, 880, 891, 900, 901, 902, 903, 904, 914, 915, 921, 926, 937, 969, 970, 971, 972, 973, 974, 978, 979, 1030, 1032, 1101, 1102, 1103, 1104, 1106, 1107, 1109, 1111, 1121, 1151, 1152, 1153, 1155, 1166, 1182, 1183, 1184, 1185, 1186, 1187, 1188, 1191, 1192, 1193, 1197, 1237, 1339, 1340, 1341, 1342, 1343, 1344, 1345, 1346, 1347, 1348, 1349, 1351, 1352, 1354, 1355, 1356, 1357, 1358, 1360, 1362, 1363, 1374, 1375, 1376, 1377, 1378, 1379, 1380, 1381, 1382, 1383, 1384, 1385, 1386, 1387, 1388, 1389, 1390, 1391, 1392, 1393, 1394, 1398, 1399, 1400, 1401, 1402, 1403, 1404, 1405, 1406, 1407, 1408, 1409, 1410, 1411, 1412, 1413, 1414, 1415, 1416, 1443, 1444, 1445, 1446, 1447, 1448, 1449, 1450, 1451, 1452, 1453, 1454, 1455, 1456, 1458, 1493, 1494], "excluded_lines": [], "functions": {"Model_generator.__init__": {"executed_lines": [52, 53, 61], "summary": {"covered_lines": 3, "num_statements": 3, "percent_covered": 100.0, "percent_covered_display": "100", "missing_lines": 0, "excluded_lines": 0, "percent_statements_covered": 100.0, "percent_statements_covered_display": "100"}, "missing_lines": [], "excluded_lines": [], "start_line": 45}, "Model_generator.get_all_data": {"executed_lines": [], "summary": {"covered_lines": 0, "num_statements": 1, "percent_covered": 0.0, "percent_covered_display": "0", "missing_lines": 1, "excluded_lines": 0, "percent_statements_covered": 0.0, "percent_statements_covered_display": "0"}, "missing_lines": [75], "excluded_lines": [], "start_line": 63}, "Model_generator.export_data": {"executed_lines": [], "summary": {"covered_lines": 0, "num_statements": 7, "percent_covered": 0.0, "percent_covered_display": "0", "missing_lines": 7, "excluded_lines": 0, "percent_statements_covered": 0.0, "percent_statements_covered_display": "0"}, "missing_lines": [88, 89, 90, 93, 94, 98, 99], "excluded_lines": [], "start_line": 77}, "Model_generator.show_sign_convention": {"executed_lines": [], "summary": {"covered_lines": 0, "num_statements": 3, "percent_covered": 0.0, "percent_covered_display": "0", "missing_lines": 3, "excluded_lines": 0, "percent_statements_covered": 0.0, "percent_statements_covered_display": "0"}, "missing_lines": [111, 114, 115], "excluded_lines": [], "start_line": 101}, "Model_generator.add_node": {"executed_lines": [139, 140, 146], "summary": {"covered_lines": 3, "num_statements": 3, "percent_covered": 100.0, "percent_covered_display": "100", "missing_lines": 0, "excluded_lines": 0, "percent_statements_covered": 100.0, "percent_statements_covered_display": "100"}, "missing_lines": [], "excluded_lines": [], "start_line": 119}, "Model_generator._add_node_to_model": {"executed_lines": [154, 155, 161], "summary": {"covered_lines": 3, "num_statements": 3, "percent_covered": 100.0, "percent_covered_display": "100", "missing_lines": 0, "excluded_lines": 0, "percent_statements_covered": 100.0, "percent_statements_covered_display": "100"}, "missing_lines": [], "excluded_lines": [], "start_line": 148}, "Model_generator._add_nodes_to_model": {"executed_lines": [165, 166, 167], "summary": {"covered_lines": 3, "num_statements": 3, "percent_covered": 100.0, "percent_covered_display": "100", "missing_lines": 0, "excluded_lines": 0, "percent_statements_covered": 100.0, "percent_statements_covered_display": "100"}, "missing_lines": [], "excluded_lines": [], "start_line": 163}, "Model_generator.get_node": {"executed_lines": [183], "summary": {"covered_lines": 1, "num_statements": 1, "percent_covered": 100.0, "percent_covered_display": "100", "missing_lines": 0, "excluded_lines": 0, "percent_statements_covered": 100.0, "percent_statements_covered_display": "100"}, "missing_lines": [], "excluded_lines": [], "start_line": 169}, "Model_generator.get_all_nodes": {"executed_lines": [], "summary": {"covered_lines": 0, "num_statements": 1, "percent_covered": 0.0, "percent_covered_display": "0", "missing_lines": 1, "excluded_lines": 0, "percent_statements_covered": 0.0, "percent_statements_covered_display": "0"}, "missing_lines": [192], "excluded_lines": [], "start_line": 185}, "Model_generator._get_angle_of_bar": {"executed_lines": [], "summary": {"covered_lines": 0, "num_statements": 7, "percent_covered": 0.0, "percent_covered_display": "0", "missing_lines": 7, "excluded_lines": 0, "percent_statements_covered": 0.0, "percent_statements_covered_display": "0"}, "missing_lines": [206, 239, 242, 245, 248, 251, 259], "excluded_lines": [], "start_line": 196}, "Model_generator._get_angle_of_bar._get_local_angle_of_bar": {"executed_lines": [], "summary": {"covered_lines": 0, "num_statements": 9, "percent_covered": 0.0, "percent_covered_display": "0", "missing_lines": 9, "excluded_lines": 0, "percent_statements_covered": 0.0, "percent_statements_covered_display": "0"}, "missing_lines": [217, 220, 223, 224, 226, 227, 230, 233, 237], "excluded_lines": [], "start_line": 206}, "Model_generator.add_member": {"executed_lines": [306, 309, 310, 311, 312, 317, 322, 323, 328, 338, 339, 340, 341, 344, 355, 356, 360], "summary": {"covered_lines": 17, "num_statements": 20, "percent_covered": 85.0, "percent_covered_display": "85", "missing_lines": 3, "excluded_lines": 0, "percent_statements_covered": 85.0, "percent_statements_covered_display": "85"}, "missing_lines": [307, 357, 358], "excluded_lines": [], "start_line": 261}, "Model_generator._add_member_to_model": {"executed_lines": [368, 369, 370, 371, 372, 375, 387, 388, 389, 390, 394, 396, 403], "summary": {"covered_lines": 13, "num_statements": 20, "percent_covered": 65.0, "percent_covered_display": "65", "missing_lines": 7, "excluded_lines": 0, "percent_statements_covered": 65.0, "percent_statements_covered_display": "65"}, "missing_lines": [373, 374, 391, 392, 397, 398, 399], "excluded_lines": [], "start_line": 362}, "Model_generator._add_members_to_model": {"executed_lines": [407, 408, 409], "summary": {"covered_lines": 3, "num_statements": 3, "percent_covered": 100.0, "percent_covered_display": "100", "missing_lines": 0, "excluded_lines": 0, "percent_statements_covered": 100.0, "percent_statements_covered_display": "100"}, "missing_lines": [], "excluded_lines": [], "start_line": 405}, "Model_generator.get_member": {"executed_lines": [], "summary": {"covered_lines": 0, "num_statements": 1, "percent_covered": 0.0, "percent_covered_display": "0", "missing_lines": 1, "excluded_lines": 0, "percent_statements_covered": 0.0, "percent_statements_covered_display": "0"}, "missing_lines": [429], "excluded_lines": [], "start_line": 411}, "Model_generator.get_member_length": {"executed_lines": [], "summary": {"covered_lines": 0, "num_statements": 1, "percent_covered": 0.0, "percent_covered_display": "0", "missing_lines": 1, "excluded_lines": 0, "percent_statements_covered": 0.0, "percent_statements_covered_display": "0"}, "missing_lines": [440], "excluded_lines": [], "start_line": 431}, "Model_generator.get_all_members": {"executed_lines": [], "summary": {"covered_lines": 0, "num_statements": 1, "percent_covered": 0.0, "percent_covered_display": "0", "missing_lines": 1, "excluded_lines": 0, "percent_statements_covered": 0.0, "percent_statements_covered_display": "0"}, "missing_lines": [448], "excluded_lines": [], "start_line": 442}, "Model_generator.add_material_by_class": {"executed_lines": [478, 479, 480, 481, 482, 483, 484, 491], "summary": {"covered_lines": 8, "num_statements": 8, "percent_covered": 100.0, "percent_covered_display": "100", "missing_lines": 0, "excluded_lines": 0, "percent_statements_covered": 100.0, "percent_statements_covered_display": "100"}, "missing_lines": [], "excluded_lines": [], "start_line": 452}, "Model_generator.add_material_by_mechanical_properties": {"executed_lines": [], "summary": {"covered_lines": 0, "num_statements": 2, "percent_covered": 0.0, "percent_covered_display": "0", "missing_lines": 2, "excluded_lines": 0, "percent_statements_covered": 0.0, "percent_statements_covered_display": "0"}, "missing_lines": [524, 531], "excluded_lines": [], "start_line": 493}, "Model_generator._add_material_to_model": {"executed_lines": [539, 540, 547], "summary": {"covered_lines": 3, "num_statements": 3, "percent_covered": 100.0, "percent_covered_display": "100", "missing_lines": 0, "excluded_lines": 0, "percent_statements_covered": 100.0, "percent_statements_covered_display": "100"}, "missing_lines": [], "excluded_lines": [], "start_line": 533}, "Model_generator._add_materials_to_model": {"executed_lines": [550, 551, 552], "summary": {"covered_lines": 3, "num_statements": 3, "percent_covered": 100.0, "percent_covered_display": "100", "missing_lines": 0, "excluded_lines": 0, "percent_statements_covered": 100.0, "percent_statements_covered_display": "100"}, "missing_lines": [], "excluded_lines": [], "start_line": 549}, "Model_generator.get_material": {"executed_lines": [], "summary": {"covered_lines": 0, "num_statements": 1, "percent_covered": 0.0, "percent_covered_display": "0", "missing_lines": 1, "excluded_lines": 0, "percent_statements_covered": 0.0, "percent_statements_covered_display": "0"}, "missing_lines": [568], "excluded_lines": [], "start_line": 554}, "Model_generator.get_all_materials": {"executed_lines": [], "summary": {"covered_lines": 0, "num_statements": 1, "percent_covered": 0.0, "percent_covered_display": "0", "missing_lines": 1, "excluded_lines": 0, "percent_statements_covered": 0.0, "percent_statements_covered_display": "0"}, "missing_lines": [576], "excluded_lines": [], "start_line": 570}, "Model_generator.aire": {"executed_lines": [581, 582, 583, 584], "summary": {"covered_lines": 4, "num_statements": 5, "percent_covered": 80.0, "percent_covered_display": "80", "missing_lines": 1, "excluded_lines": 0, "percent_statements_covered": 80.0, "percent_statements_covered_display": "80"}, "missing_lines": [586], "excluded_lines": [], "start_line": 580}, "Model_generator.inertie": {"executed_lines": [592, 593, 594, 595, 596, 600], "summary": {"covered_lines": 6, "num_statements": 8, "percent_covered": 75.0, "percent_covered_display": "75", "missing_lines": 2, "excluded_lines": 0, "percent_statements_covered": 75.0, "percent_statements_covered_display": "75"}, "missing_lines": [598, 599], "excluded_lines": [], "start_line": 588}, "Model_generator.add_section": {"executed_lines": [631, 635, 636, 637, 640, 641, 650], "summary": {"covered_lines": 7, "num_statements": 10, "percent_covered": 70.0, "percent_covered_display": "70", "missing_lines": 3, "excluded_lines": 0, "percent_statements_covered": 70.0, "percent_statements_covered_display": "70"}, "missing_lines": [632, 638, 639], "excluded_lines": [], "start_line": 602}, "Model_generator.add_section_by_property": {"executed_lines": [], "summary": {"covered_lines": 0, "num_statements": 2, "percent_covered": 0.0, "percent_covered_display": "0", "missing_lines": 2, "excluded_lines": 0, "percent_statements_covered": 0.0, "percent_statements_covered_display": "0"}, "missing_lines": [672, 679], "excluded_lines": [], "start_line": 652}, "Model_generator._add_section_to_model": {"executed_lines": [687, 688, 695], "summary": {"covered_lines": 3, "num_statements": 3, "percent_covered": 100.0, "percent_covered_display": "100", "missing_lines": 0, "excluded_lines": 0, "percent_statements_covered": 100.0, "percent_statements_covered_display": "100"}, "missing_lines": [], "excluded_lines": [], "start_line": 681}, "Model_generator._add_sections_to_model": {"executed_lines": [698, 699, 700], "summary": {"covered_lines": 3, "num_statements": 3, "percent_covered": 100.0, "percent_covered_display": "100", "missing_lines": 0, "excluded_lines": 0, "percent_statements_covered": 100.0, "percent_statements_covered_display": "100"}, "missing_lines": [], "excluded_lines": [], "start_line": 697}, "Model_generator.get_section": {"executed_lines": [], "summary": {"covered_lines": 0, "num_statements": 1, "percent_covered": 0.0, "percent_covered_display": "0", "missing_lines": 1, "excluded_lines": 0, "percent_statements_covered": 0.0, "percent_statements_covered_display": "0"}, "missing_lines": [716], "excluded_lines": [], "start_line": 702}, "Model_generator.get_all_sections": {"executed_lines": [], "summary": {"covered_lines": 0, "num_statements": 1, "percent_covered": 0.0, "percent_covered_display": "0", "missing_lines": 1, "excluded_lines": 0, "percent_statements_covered": 0.0, "percent_statements_covered_display": "0"}, "missing_lines": [724], "excluded_lines": [], "start_line": 718}, "Model_generator.add_release": {"executed_lines": [], "summary": {"covered_lines": 0, "num_statements": 2, "percent_covered": 0.0, "percent_covered_display": "0", "missing_lines": 2, "excluded_lines": 0, "percent_statements_covered": 0.0, "percent_statements_covered_display": "0"}, "missing_lines": [772, 780], "excluded_lines": [], "start_line": 728}, "Model_generator.add_support": {"executed_lines": [], "summary": {"covered_lines": 0, "num_statements": 3, "percent_covered": 0.0, "percent_covered_display": "0", "missing_lines": 3, "excluded_lines": 0, "percent_statements_covered": 0.0, "percent_statements_covered_display": "0"}, "missing_lines": [821, 822, 832], "excluded_lines": [], "start_line": 784}, "Model_generator.add_support_spring": {"executed_lines": [], "summary": {"covered_lines": 0, "num_statements": 3, "percent_covered": 0.0, "percent_covered_display": "0", "missing_lines": 3, "excluded_lines": 0, "percent_statements_covered": 0.0, "percent_statements_covered_display": "0"}, "missing_lines": [864, 865, 871], "excluded_lines": [], "start_line": 834}, "Model_generator.create_supports_by_list": {"executed_lines": [], "summary": {"covered_lines": 0, "num_statements": 2, "percent_covered": 0.0, "percent_covered_display": "0", "missing_lines": 2, "excluded_lines": 0, "percent_statements_covered": 0.0, "percent_statements_covered_display": "0"}, "missing_lines": [879, 880], "excluded_lines": [], "start_line": 873}, "Model_generator.del_support": {"executed_lines": [], "summary": {"covered_lines": 0, "num_statements": 1, "percent_covered": 0.0, "percent_covered_display": "0", "missing_lines": 1, "excluded_lines": 0, "percent_statements_covered": 0.0, "percent_statements_covered_display": "0"}, "missing_lines": [891], "excluded_lines": [], "start_line": 882}, "Model_generator._add_support_to_model": {"executed_lines": [], "summary": {"covered_lines": 0, "num_statements": 8, "percent_covered": 0.0, "percent_covered_display": "0", "missing_lines": 8, "excluded_lines": 0, "percent_statements_covered": 0.0, "percent_statements_covered_display": "0"}, "missing_lines": [900, 901, 902, 903, 904, 914, 915, 921], "excluded_lines": [], "start_line": 893}, "Model_generator._add_supports_to_model": {"executed_lines": [924, 925, 927], "summary": {"covered_lines": 3, "num_statements": 4, "percent_covered": 75.0, "percent_covered_display": "75", "missing_lines": 1, "excluded_lines": 0, "percent_statements_covered": 75.0, "percent_statements_covered_display": "75"}, "missing_lines": [926], "excluded_lines": [], "start_line": 923}, "Model_generator.get_all_supports": {"executed_lines": [], "summary": {"covered_lines": 0, "num_statements": 1, "percent_covered": 0.0, "percent_covered_display": "0", "missing_lines": 1, "excluded_lines": 0, "percent_statements_covered": 0.0, "percent_statements_covered_display": "0"}, "missing_lines": [937], "excluded_lines": [], "start_line": 929}, "Model_generator._convert_pos": {"executed_lines": [964, 965, 966, 967, 968, 980], "summary": {"covered_lines": 6, "num_statements": 14, "percent_covered": 42.857142857142854, "percent_covered_display": "43", "missing_lines": 8, "excluded_lines": 0, "percent_statements_covered": 42.857142857142854, "percent_statements_covered_display": "43"}, "missing_lines": [969, 970, 971, 972, 973, 974, 978, 979], "excluded_lines": [], "start_line": 941}, "Model_generator.create_dist_load": {"executed_lines": [1027, 1028, 1029, 1031, 1033, 1034, 1036, 1049], "summary": {"covered_lines": 8, "num_statements": 10, "percent_covered": 80.0, "percent_covered_display": "80", "missing_lines": 2, "excluded_lines": 0, "percent_statements_covered": 80.0, "percent_statements_covered_display": "80"}, "missing_lines": [1030, 1032], "excluded_lines": [], "start_line": 982}, "Model_generator.create_point_load": {"executed_lines": [], "summary": {"covered_lines": 0, "num_statements": 9, "percent_covered": 0.0, "percent_covered_display": "0", "missing_lines": 9, "excluded_lines": 0, "percent_statements_covered": 0.0, "percent_statements_covered_display": "0"}, "missing_lines": [1101, 1102, 1103, 1104, 1106, 1107, 1109, 1111, 1121], "excluded_lines": [], "start_line": 1051}, "Model_generator.create_load_by_list": {"executed_lines": [], "summary": {"covered_lines": 0, "num_statements": 4, "percent_covered": 0.0, "percent_covered_display": "0", "missing_lines": 4, "excluded_lines": 0, "percent_statements_covered": 0.0, "percent_statements_covered_display": "0"}, "missing_lines": [1151, 1152, 1153, 1155], "excluded_lines": [], "start_line": 1123}, "Model_generator.del_load": {"executed_lines": [], "summary": {"covered_lines": 0, "num_statements": 1, "percent_covered": 0.0, "percent_covered_display": "0", "missing_lines": 1, "excluded_lines": 0, "percent_statements_covered": 0.0, "percent_statements_covered_display": "0"}, "missing_lines": [1166], "excluded_lines": [], "start_line": 1157}, "Model_generator._add_load_to_model": {"executed_lines": [1169, 1170, 1171, 1172, 1173, 1204], "summary": {"covered_lines": 6, "num_statements": 17, "percent_covered": 35.294117647058826, "percent_covered_display": "35", "missing_lines": 11, "excluded_lines": 0, "percent_statements_covered": 35.294117647058826, "percent_statements_covered_display": "35"}, "missing_lines": [1182, 1183, 1184, 1185, 1186, 1187, 1188, 1191, 1192, 1193, 1197], "excluded_lines": [], "start_line": 1168}, "Model_generator._add_loads_to_model": {"executed_lines": [1207, 1208, 1209], "summary": {"covered_lines": 3, "num_statements": 3, "percent_covered": 100.0, "percent_covered_display": "100", "missing_lines": 0, "excluded_lines": 0, "percent_statements_covered": 100.0, "percent_statements_covered_display": "100"}, "missing_lines": [], "excluded_lines": [], "start_line": 1206}, "Model_generator.get_all_loads": {"executed_lines": [1219], "summary": {"covered_lines": 1, "num_statements": 1, "percent_covered": 100.0, "percent_covered_display": "100", "missing_lines": 0, "excluded_lines": 0, "percent_statements_covered": 100.0, "percent_statements_covered_display": "100"}, "missing_lines": [], "excluded_lines": [], "start_line": 1211}, "Model_generator.get_member_loads": {"executed_lines": [], "summary": {"covered_lines": 0, "num_statements": 1, "percent_covered": 0.0, "percent_covered_display": "0", "missing_lines": 1, "excluded_lines": 0, "percent_statements_covered": 0.0, "percent_statements_covered_display": "0"}, "missing_lines": [1237], "excluded_lines": [], "start_line": 1221}, "Model_generator.generate_model": {"executed_lines": [1258, 1259, 1260, 1261, 1262, 1263, 1264, 1265], "summary": {"covered_lines": 8, "num_statements": 8, "percent_covered": 100.0, "percent_covered_display": "100", "missing_lines": 0, "excluded_lines": 0, "percent_statements_covered": 100.0, "percent_statements_covered_display": "100"}, "missing_lines": [], "excluded_lines": [], "start_line": 1243}, "Model_generator._add_load_combos_to_model": {"executed_lines": [1268, 1269], "summary": {"covered_lines": 2, "num_statements": 2, "percent_covered": 100.0, "percent_covered_display": "100", "missing_lines": 0, "excluded_lines": 0, "percent_statements_covered": 100.0, "percent_statements_covered_display": "100"}, "missing_lines": [], "excluded_lines": [], "start_line": 1267}, "Wood_beam_model.__init__": {"executed_lines": [], "summary": {"covered_lines": 0, "num_statements": 21, "percent_covered": 0.0, "percent_covered_display": "0", "missing_lines": 21, "excluded_lines": 0, "percent_statements_covered": 0.0, "percent_statements_covered_display": "0"}, "missing_lines": [1339, 1340, 1341, 1342, 1343, 1344, 1345, 1346, 1347, 1348, 1349, 1351, 1352, 1354, 1355, 1356, 1357, 1358, 1360, 1362, 1363], "excluded_lines": [], "start_line": 1296}, "Wood_beam_model._convert_beam_pos": {"executed_lines": [], "summary": {"covered_lines": 0, "num_statements": 40, "percent_covered": 0.0, "percent_covered_display": "0", "missing_lines": 40, "excluded_lines": 0, "percent_statements_covered": 0.0, "percent_statements_covered_display": "0"}, "missing_lines": [1374, 1375, 1376, 1377, 1378, 1379, 1380, 1381, 1382, 1383, 1384, 1385, 1386, 1387, 1388, 1389, 1390, 1391, 1392, 1393, 1394, 1398, 1399, 1400, 1401, 1402, 1403, 1404, 1405, 1406, 1407, 1408, 1409, 1410, 1411, 1412, 1413, 1414, 1415, 1416], "excluded_lines": [], "start_line": 1365}, "Wood_beam_model.create_dist_load": {"executed_lines": [], "summary": {"covered_lines": 0, "num_statements": 15, "percent_covered": 0.0, "percent_covered_display": "0", "missing_lines": 15, "excluded_lines": 0, "percent_statements_covered": 0.0, "percent_statements_covered_display": "0"}, "missing_lines": [1443, 1444, 1445, 1446, 1447, 1448, 1449, 1450, 1451, 1452, 1453, 1454, 1455, 1456, 1458], "excluded_lines": [], "start_line": 1418}, "Wood_beam_model.create_point_load": {"executed_lines": [], "summary": {"covered_lines": 0, "num_statements": 2, "percent_covered": 0.0, "percent_covered_display": "0", "missing_lines": 2, "excluded_lines": 0, "percent_statements_covered": 0.0, "percent_statements_covered_display": "0"}, "missing_lines": [1493, 1494], "excluded_lines": [], "start_line": 1460}, "": {"executed_lines": [3, 4, 5, 6, 8, 10, 13, 31, 40, 41, 45, 63, 77, 101, 119, 148, 163, 169, 185, 196, 261, 362, 405, 411, 431, 442, 452, 493, 533, 549, 554, 570, 580, 588, 602, 652, 681, 697, 702, 718, 728, 784, 834, 873, 882, 893, 923, 929, 941, 982, 1051, 1123, 1157, 1168, 1206, 1211, 1221, 1243, 1267, 1271, 1296, 1365, 1418, 1460], "summary": {"covered_lines": 64, "num_statements": 64, "percent_covered": 100.0, "percent_covered_display": "100", "missing_lines": 0, "excluded_lines": 0, "percent_statements_covered": 100.0, "percent_statements_covered_display": "100"}, "missing_lines": [], "excluded_lines": [], "start_line": 1}}, "classes": {"Model_generator": {"executed_lines": [52, 53, 61, 139, 140, 146, 154, 155, 161, 165, 166, 167, 183, 306, 309, 310, 311, 312, 317, 322, 323, 328, 338, 339, 340, 341, 344, 355, 356, 360, 368, 369, 370, 371, 372, 375, 387, 388, 389, 390, 394, 396, 403, 407, 408, 409, 478, 479, 480, 481, 482, 483, 484, 491, 539, 540, 547, 550, 551, 552, 581, 582, 583, 584, 592, 593, 594, 595, 596, 600, 631, 635, 636, 637, 640, 641, 650, 687, 688, 695, 698, 699, 700, 924, 925, 927, 964, 965, 966, 967, 968, 980, 1027, 1028, 1029, 1031, 1033, 1034, 1036, 1049, 1169, 1170, 1171, 1172, 1173, 1204, 1207, 1208, 1209, 1219, 1258, 1259, 1260, 1261, 1262, 1263, 1264, 1265, 1268, 1269], "summary": {"covered_lines": 120, "num_statements": 232, "percent_covered": 51.724137931034484, "percent_covered_display": "52", "missing_lines": 112, "excluded_lines": 0, "percent_statements_covered": 51.724137931034484, "percent_statements_covered_display": "52"}, "missing_lines": [75, 88, 89, 90, 93, 94, 98, 99, 111, 114, 115, 192, 206, 217, 220, 223, 224, 226, 227, 230, 233, 237, 239, 242, 245, 248, 251, 259, 307, 357, 358, 373, 374, 391, 392, 397, 398, 399, 429, 440, 448, 524, 531, 568, 576, 586, 598, 599, 632, 638, 639, 672, 679, 716, 724, 772, 780, 821, 822, 832, 864, 865, 871, 879, 880, 891, 900, 901, 902, 903, 904, 914, 915, 921, 926, 937, 969, 970, 971, 972, 973, 974, 978, 979, 1030, 1032, 1101, 1102, 1103, 1104, 1106, 1107, 1109, 1111, 1121, 1151, 1152, 1153, 1155, 1166, 1182, 1183, 1184, 1185, 1186, 1187, 1188, 1191, 1192, 1193, 1197, 1237], "excluded_lines": [], "start_line": 13}, "Wood_beam_model": {"executed_lines": [], "summary": {"covered_lines": 0, "num_statements": 78, "percent_covered": 0.0, "percent_covered_display": "0", "missing_lines": 78, "excluded_lines": 0, "percent_statements_covered": 0.0, "percent_statements_covered_display": "0"}, "missing_lines": [1339, 1340, 1341, 1342, 1343, 1344, 1345, 1346, 1347, 1348, 1349, 1351, 1352, 1354, 1355, 1356, 1357, 1358, 1360, 1362, 1363, 1374, 1375, 1376, 1377, 1378, 1379, 1380, 1381, 1382, 1383, 1384, 1385, 1386, 1387, 1388, 1389, 1390, 1391, 1392, 1393, 1394, 1398, 1399, 1400, 1401, 1402, 1403, 1404, 1405, 1406, 1407, 1408, 1409, 1410, 1411, 1412, 1413, 1414, 1415, 1416, 1443, 1444, 1445, 1446, 1447, 1448, 1449, 1450, 1451, 1452, 1453, 1454, 1455, 1456, 1458, 1493, 1494], "excluded_lines": [], "start_line": 1271}, "": {"executed_lines": [3, 4, 5, 6, 8, 10, 13, 31, 40, 41, 45, 63, 77, 101, 119, 148, 163, 169, 185, 196, 261, 362, 405, 411, 431, 442, 452, 493, 533, 549, 554, 570, 580, 588, 602, 652, 681, 697, 702, 718, 728, 784, 834, 873, 882, 893, 923, 929, 941, 982, 1051, 1123, 1157, 1168, 1206, 1211, 1221, 1243, 1267, 1271, 1296, 1365, 1418, 1460], "summary": {"covered_lines": 64, "num_statements": 64, "percent_covered": 100.0, "percent_covered_display": "100", "missing_lines": 0, "excluded_lines": 0, "percent_statements_covered": 100.0, "percent_statements_covered_display": "100"}, "missing_lines": [], "excluded_lines": [], "start_line": 1}}}, "ourocode\\eurocode\\core\\model_result.py": {"executed_lines": [3, 4, 5, 6, 8, 10, 13, 35, 37, 70, 140, 166, 177, 235, 341, 371, 459, 496, 562, 593, 667, 742, 771, 813], "summary": {"covered_lines": 24, "num_statements": 259, "percent_covered": 9.266409266409266, "percent_covered_display": "9", "missing_lines": 235, "excluded_lines": 1, "percent_statements_covered": 9.266409266409266, "percent_statements_covered_display": "9"}, "missing_lines": [64, 65, 66, 67, 68, 111, 112, 119, 120, 121, 122, 124, 125, 126, 127, 128, 129, 130, 134, 135, 137, 149, 150, 151, 153, 154, 157, 158, 162, 175, 209, 210, 211, 214, 215, 218, 219, 222, 223, 226, 227, 230, 231, 262, 263, 264, 265, 266, 267, 268, 269, 270, 271, 272, 273, 274, 275, 277, 278, 281, 284, 285, 288, 291, 292, 295, 298, 299, 302, 305, 306, 309, 312, 313, 316, 319, 320, 321, 322, 323, 324, 325, 327, 328, 329, 330, 331, 332, 334, 335, 337, 338, 339, 361, 362, 363, 364, 365, 366, 368, 410, 411, 412, 413, 414, 415, 416, 417, 418, 419, 420, 421, 424, 425, 426, 428, 429, 430, 432, 433, 434, 435, 436, 437, 438, 439, 440, 441, 443, 444, 445, 446, 447, 492, 523, 524, 525, 526, 527, 528, 529, 530, 531, 532, 533, 534, 535, 536, 537, 541, 544, 545, 546, 547, 548, 549, 550, 552, 553, 554, 555, 556, 557, 559, 560, 583, 584, 585, 586, 587, 588, 590, 629, 630, 631, 632, 633, 634, 635, 636, 637, 638, 639, 640, 641, 642, 643, 646, 647, 648, 650, 651, 652, 654, 710, 711, 712, 713, 714, 715, 716, 717, 718, 719, 720, 721, 723, 724, 725, 726, 730, 736, 737, 738, 740, 763, 764, 765, 766, 767, 768, 769, 793, 794, 795, 796, 801, 806, 811, 835, 836, 837, 838, 839, 840], "excluded_lines": [814], "functions": {"Model_result.__init__": {"executed_lines": [], "summary": {"covered_lines": 0, "num_statements": 5, "percent_covered": 0.0, "percent_covered_display": "0", "missing_lines": 5, "excluded_lines": 0, "percent_statements_covered": 0.0, "percent_statements_covered_display": "0"}, "missing_lines": [64, 65, 66, 67, 68], "excluded_lines": [], "start_line": 37}, "Model_result._base_graph": {"executed_lines": [], "summary": {"covered_lines": 0, "num_statements": 16, "percent_covered": 0.0, "percent_covered_display": "0", "missing_lines": 16, "excluded_lines": 0, "percent_statements_covered": 0.0, "percent_statements_covered_display": "0"}, "missing_lines": [111, 112, 119, 120, 121, 122, 124, 125, 126, 127, 128, 129, 130, 134, 135, 137], "excluded_lines": [], "start_line": 70}, "Model_result._analyze": {"executed_lines": [], "summary": {"covered_lines": 0, "num_statements": 8, "percent_covered": 0.0, "percent_covered_display": "0", "missing_lines": 8, "excluded_lines": 0, "percent_statements_covered": 0.0, "percent_statements_covered_display": "0"}, "missing_lines": [149, 150, 151, 153, 154, 157, 158, 162], "excluded_lines": [], "start_line": 140}, "Model_result.get_member_length": {"executed_lines": [], "summary": {"covered_lines": 0, "num_statements": 1, "percent_covered": 0.0, "percent_covered_display": "0", "missing_lines": 1, "excluded_lines": 0, "percent_statements_covered": 0.0, "percent_statements_covered_display": "0"}, "missing_lines": [175], "excluded_lines": [], "start_line": 166}, "Model_result.get_internal_force": {"executed_lines": [], "summary": {"covered_lines": 0, "num_statements": 13, "percent_covered": 0.0, "percent_covered_display": "0", "missing_lines": 13, "excluded_lines": 0, "percent_statements_covered": 0.0, "percent_statements_covered_display": "0"}, "missing_lines": [209, 210, 211, 214, 215, 218, 219, 222, 223, 226, 227, 230, 231], "excluded_lines": [], "start_line": 177}, "Model_result.get_min_max_internal_force": {"executed_lines": [], "summary": {"covered_lines": 0, "num_statements": 50, "percent_covered": 0.0, "percent_covered_display": "0", "missing_lines": 50, "excluded_lines": 0, "percent_statements_covered": 0.0, "percent_statements_covered_display": "0"}, "missing_lines": [262, 263, 264, 265, 266, 267, 268, 269, 270, 271, 272, 273, 274, 275, 277, 278, 281, 284, 285, 288, 291, 292, 295, 298, 299, 302, 305, 306, 309, 312, 313, 316, 319, 320, 321, 322, 323, 324, 325, 327, 328, 329, 330, 331, 332, 334, 335, 337, 338, 339], "excluded_lines": [], "start_line": 235}, "Model_result.get_absolute_internal_force": {"executed_lines": [], "summary": {"covered_lines": 0, "num_statements": 7, "percent_covered": 0.0, "percent_covered_display": "0", "missing_lines": 7, "excluded_lines": 0, "percent_statements_covered": 0.0, "percent_statements_covered_display": "0"}, "missing_lines": [361, 362, 363, 364, 365, 366, 368], "excluded_lines": [], "start_line": 341}, "Model_result.show_internal_force_of_member": {"executed_lines": [], "summary": {"covered_lines": 0, "num_statements": 33, "percent_covered": 0.0, "percent_covered_display": "0", "missing_lines": 33, "excluded_lines": 0, "percent_statements_covered": 0.0, "percent_statements_covered_display": "0"}, "missing_lines": [410, 411, 412, 413, 414, 415, 416, 417, 418, 419, 420, 421, 424, 425, 426, 428, 429, 430, 432, 433, 434, 435, 436, 437, 438, 439, 440, 441, 443, 444, 445, 446, 447], "excluded_lines": [], "start_line": 371}, "Model_result.get_deflection": {"executed_lines": [], "summary": {"covered_lines": 0, "num_statements": 1, "percent_covered": 0.0, "percent_covered_display": "0", "missing_lines": 1, "excluded_lines": 0, "percent_statements_covered": 0.0, "percent_statements_covered_display": "0"}, "missing_lines": [492], "excluded_lines": [], "start_line": 459}, "Model_result.get_min_max_deflection": {"executed_lines": [], "summary": {"covered_lines": 0, "num_statements": 31, "percent_covered": 0.0, "percent_covered_display": "0", "missing_lines": 31, "excluded_lines": 0, "percent_statements_covered": 0.0, "percent_statements_covered_display": "0"}, "missing_lines": [523, 524, 525, 526, 527, 528, 529, 530, 531, 532, 533, 534, 535, 536, 537, 541, 544, 545, 546, 547, 548, 549, 550, 552, 553, 554, 555, 556, 557, 559, 560], "excluded_lines": [], "start_line": 496}, "Model_result.get_absolute_max_deflection": {"executed_lines": [], "summary": {"covered_lines": 0, "num_statements": 7, "percent_covered": 0.0, "percent_covered_display": "0", "missing_lines": 7, "excluded_lines": 0, "percent_statements_covered": 0.0, "percent_statements_covered_display": "0"}, "missing_lines": [583, 584, 585, 586, 587, 588, 590], "excluded_lines": [], "start_line": 562}, "Model_result.show_deflection_of_member": {"executed_lines": [], "summary": {"covered_lines": 0, "num_statements": 22, "percent_covered": 0.0, "percent_covered_display": "0", "missing_lines": 22, "excluded_lines": 0, "percent_statements_covered": 0.0, "percent_statements_covered_display": "0"}, "missing_lines": [629, 630, 631, 632, 633, 634, 635, 636, 637, 638, 639, 640, 641, 642, 643, 646, 647, 648, 650, 651, 652, 654], "excluded_lines": [], "start_line": 593}, "Model_result.show_model": {"executed_lines": [], "summary": {"covered_lines": 0, "num_statements": 21, "percent_covered": 0.0, "percent_covered_display": "0", "missing_lines": 21, "excluded_lines": 0, "percent_statements_covered": 0.0, "percent_statements_covered_display": "0"}, "missing_lines": [710, 711, 712, 713, 714, 715, 716, 717, 718, 719, 720, 721, 723, 724, 725, 726, 730, 736, 737, 738, 740], "excluded_lines": [], "start_line": 667}, "Model_result.get_global_displacement_of_node": {"executed_lines": [], "summary": {"covered_lines": 0, "num_statements": 7, "percent_covered": 0.0, "percent_covered_display": "0", "missing_lines": 7, "excluded_lines": 0, "percent_statements_covered": 0.0, "percent_statements_covered_display": "0"}, "missing_lines": [763, 764, 765, 766, 767, 768, 769], "excluded_lines": [], "start_line": 742}, "Model_result._get_node_reaction": {"executed_lines": [], "summary": {"covered_lines": 0, "num_statements": 7, "percent_covered": 0.0, "percent_covered_display": "0", "missing_lines": 7, "excluded_lines": 0, "percent_statements_covered": 0.0, "percent_statements_covered_display": "0"}, "missing_lines": [793, 794, 795, 796, 801, 806, 811], "excluded_lines": [], "start_line": 771}, "Model_result.get_supports_reactions": {"executed_lines": [], "summary": {"covered_lines": 0, "num_statements": 6, "percent_covered": 0.0, "percent_covered_display": "0", "missing_lines": 6, "excluded_lines": 1, "percent_statements_covered": 0.0, "percent_statements_covered_display": "0"}, "missing_lines": [835, 836, 837, 838, 839, 840], "excluded_lines": [814], "start_line": 813}, "": {"executed_lines": [3, 4, 5, 6, 8, 10, 13, 35, 37, 70, 140, 166, 177, 235, 341, 371, 459, 496, 562, 593, 667, 742, 771, 813], "summary": {"covered_lines": 24, "num_statements": 24, "percent_covered": 100.0, "percent_covered_display": "100", "missing_lines": 0, "excluded_lines": 0, "percent_statements_covered": 100.0, "percent_statements_covered_display": "100"}, "missing_lines": [], "excluded_lines": [], "start_line": 1}}, "classes": {"Model_result": {"executed_lines": [], "summary": {"covered_lines": 0, "num_statements": 235, "percent_covered": 0.0, "percent_covered_display": "0", "missing_lines": 235, "excluded_lines": 1, "percent_statements_covered": 0.0, "percent_statements_covered_display": "0"}, "missing_lines": [64, 65, 66, 67, 68, 111, 112, 119, 120, 121, 122, 124, 125, 126, 127, 128, 129, 130, 134, 135, 137, 149, 150, 151, 153, 154, 157, 158, 162, 175, 209, 210, 211, 214, 215, 218, 219, 222, 223, 226, 227, 230, 231, 262, 263, 264, 265, 266, 267, 268, 269, 270, 271, 272, 273, 274, 275, 277, 278, 281, 284, 285, 288, 291, 292, 295, 298, 299, 302, 305, 306, 309, 312, 313, 316, 319, 320, 321, 322, 323, 324, 325, 327, 328, 329, 330, 331, 332, 334, 335, 337, 338, 339, 361, 362, 363, 364, 365, 366, 368, 410, 411, 412, 413, 414, 415, 416, 417, 418, 419, 420, 421, 424, 425, 426, 428, 429, 430, 432, 433, 434, 435, 436, 437, 438, 439, 440, 441, 443, 444, 445, 446, 447, 492, 523, 524, 525, 526, 527, 528, 529, 530, 531, 532, 533, 534, 535, 536, 537, 541, 544, 545, 546, 547, 548, 549, 550, 552, 553, 554, 555, 556, 557, 559, 560, 583, 584, 585, 586, 587, 588, 590, 629, 630, 631, 632, 633, 634, 635, 636, 637, 638, 639, 640, 641, 642, 643, 646, 647, 648, 650, 651, 652, 654, 710, 711, 712, 713, 714, 715, 716, 717, 718, 719, 720, 721, 723, 724, 725, 726, 730, 736, 737, 738, 740, 763, 764, 765, 766, 767, 768, 769, 793, 794, 795, 796, 801, 806, 811, 835, 836, 837, 838, 839, 840], "excluded_lines": [814], "start_line": 13}, "": {"executed_lines": [3, 4, 5, 6, 8, 10, 13, 35, 37, 70, 140, 166, 177, 235, 341, 371, 459, 496, 562, 593, 667, 742, 771, 813], "summary": {"covered_lines": 24, "num_statements": 24, "percent_covered": 100.0, "percent_covered_display": "100", "missing_lines": 0, "excluded_lines": 0, "percent_statements_covered": 100.0, "percent_statements_covered_display": "100"}, "missing_lines": [], "excluded_lines": [], "start_line": 1}}}, "ourocode\\eurocode\\core\\objet.py": {"executed_lines": [3, 4, 5, 6, 7, 12, 13, 15, 16, 17, 18, 21, 33, 36, 57, 58, 63, 89, 90, 91, 93, 94, 95, 96, 97, 98, 99, 101, 102, 116, 118, 119, 142, 145, 147, 148, 149, 150, 151, 153, 154, 157, 158, 161], "summary": {"covered_lines": 44, "num_statements": 59, "percent_covered": 74.57627118644068, "percent_covered_display": "75", "missing_lines": 15, "excluded_lines": 0, "percent_statements_covered": 74.57627118644068, "percent_statements_covered_display": "75"}, "missing_lines": [8, 9, 10, 48, 49, 50, 51, 52, 54, 55, 61, 92, 164, 165, 166], "excluded_lines": [], "functions": {"Objet._assign_handcalcs_value": {"executed_lines": [], "summary": {"covered_lines": 0, "num_statements": 7, "percent_covered": 0.0, "percent_covered_display": "0", "missing_lines": 7, "excluded_lines": 0, "percent_statements_covered": 0.0, "percent_statements_covered_display": "0"}, "missing_lines": [48, 49, 50, 51, 52, 54, 55], "excluded_lines": [], "start_line": 36}, "Objet.objet": {"executed_lines": [], "summary": {"covered_lines": 0, "num_statements": 1, "percent_covered": 0.0, "percent_covered_display": "0", "missing_lines": 1, "excluded_lines": 0, "percent_statements_covered": 0.0, "percent_statements_covered_display": "0"}, "missing_lines": [61], "excluded_lines": [], "start_line": 58}, "Objet.get_value": {"executed_lines": [89, 90, 91, 93, 94, 95, 96, 97, 98, 99], "summary": {"covered_lines": 10, "num_statements": 11, "percent_covered": 90.9090909090909, "percent_covered_display": "91", "missing_lines": 1, "excluded_lines": 0, "percent_statements_covered": 90.9090909090909, "percent_statements_covered_display": "91"}, "missing_lines": [92], "excluded_lines": [], "start_line": 63}, "Objet._from_dict": {"executed_lines": [116], "summary": {"covered_lines": 1, "num_statements": 1, "percent_covered": 100.0, "percent_covered_display": "100", "missing_lines": 0, "excluded_lines": 0, "percent_statements_covered": 100.0, "percent_statements_covered_display": "100"}, "missing_lines": [], "excluded_lines": [], "start_line": 102}, "Objet._from_parent_class": {"executed_lines": [142, 145, 147, 148, 149, 150, 151, 153, 154, 157, 158], "summary": {"covered_lines": 11, "num_statements": 11, "percent_covered": 100.0, "percent_covered_display": "100", "missing_lines": 0, "excluded_lines": 0, "percent_statements_covered": 100.0, "percent_statements_covered_display": "100"}, "missing_lines": [], "excluded_lines": [], "start_line": 119}, "Objet._show_element": {"executed_lines": [], "summary": {"covered_lines": 0, "num_statements": 3, "percent_covered": 0.0, "percent_covered_display": "0", "missing_lines": 3, "excluded_lines": 0, "percent_statements_covered": 0.0, "percent_statements_covered_display": "0"}, "missing_lines": [164, 165, 166], "excluded_lines": [], "start_line": 161}, "": {"executed_lines": [3, 4, 5, 6, 7, 12, 13, 15, 16, 17, 18, 21, 33, 36, 57, 58, 63, 101, 102, 118, 119, 161], "summary": {"covered_lines": 22, "num_statements": 25, "percent_covered": 88.0, "percent_covered_display": "88", "missing_lines": 3, "excluded_lines": 0, "percent_statements_covered": 88.0, "percent_statements_covered_display": "88"}, "missing_lines": [8, 9, 10], "excluded_lines": [], "start_line": 1}}, "classes": {"Objet": {"executed_lines": [89, 90, 91, 93, 94, 95, 96, 97, 98, 99, 116, 142, 145, 147, 148, 149, 150, 151, 153, 154, 157, 158], "summary": {"covered_lines": 22, "num_statements": 34, "percent_covered": 64.70588235294117, "percent_covered_display": "65", "missing_lines": 12, "excluded_lines": 0, "percent_statements_covered": 64.70588235294117, "percent_statements_covered_display": "65"}, "missing_lines": [48, 49, 50, 51, 52, 54, 55, 61, 92, 164, 165, 166], "excluded_lines": [], "start_line": 21}, "": {"executed_lines": [3, 4, 5, 6, 7, 12, 13, 15, 16, 17, 18, 21, 33, 36, 57, 58, 63, 101, 102, 118, 119, 161], "summary": {"covered_lines": 22, "num_statements": 25, "percent_covered": 88.0, "percent_covered_display": "88", "missing_lines": 3, "excluded_lines": 0, "percent_statements_covered": 88.0, "percent_statements_covered_display": "88"}, "missing_lines": [8, 9, 10], "excluded_lines": [], "start_line": 1}}}, "ourocode\\eurocode\\core\\projet.py": {"executed_lines": [3, 5, 8, 16, 25, 36, 38, 74, 75, 76, 77, 78, 79, 80, 81, 82, 83], "summary": {"covered_lines": 17, "num_statements": 17, "percent_covered": 100.0, "percent_covered_display": "100", "missing_lines": 0, "excluded_lines": 0, "percent_statements_covered": 100.0, "percent_statements_covered_display": "100"}, "missing_lines": [], "excluded_lines": [], "functions": {"Projet.__init__": {"executed_lines": [74, 75, 76, 77, 78, 79, 80, 81, 82, 83], "summary": {"covered_lines": 10, "num_statements": 10, "percent_covered": 100.0, "percent_covered_display": "100", "missing_lines": 0, "excluded_lines": 0, "percent_statements_covered": 100.0, "percent_statements_covered_display": "100"}, "missing_lines": [], "excluded_lines": [], "start_line": 38}, "": {"executed_lines": [3, 5, 8, 16, 25, 36, 38], "summary": {"covered_lines": 7, "num_statements": 7, "percent_covered": 100.0, "percent_covered_display": "100", "missing_lines": 0, "excluded_lines": 0, "percent_statements_covered": 100.0, "percent_statements_covered_display": "100"}, "missing_lines": [], "excluded_lines": [], "start_line": 1}}, "classes": {"Projet": {"executed_lines": [74, 75, 76, 77, 78, 79, 80, 81, 82, 83], "summary": {"covered_lines": 10, "num_statements": 10, "percent_covered": 100.0, "percent_covered_display": "100", "missing_lines": 0, "excluded_lines": 0, "percent_statements_covered": 100.0, "percent_statements_covered_display": "100"}, "missing_lines": [], "excluded_lines": [], "start_line": 8}, "": {"executed_lines": [3, 5, 8, 16, 25, 36, 38], "summary": {"covered_lines": 7, "num_statements": 7, "percent_covered": 100.0, "percent_covered_display": "100", "missing_lines": 0, "excluded_lines": 0, "percent_statements_covered": 100.0, "percent_statements_covered_display": "100"}, "missing_lines": [], "excluded_lines": [], "start_line": 1}}}, "ourocode\\eurocode\\ec1\\__init__.py": {"executed_lines": [1, 2, 3, 5], "summary": {"covered_lines": 4, "num_statements": 4, "percent_covered": 100.0, "percent_covered_display": "100", "missing_lines": 0, "excluded_lines": 0, "percent_statements_covered": 100.0, "percent_statements_covered_display": "100"}, "missing_lines": [], "excluded_lines": [], "functions": {"": {"executed_lines": [1, 2, 3, 5], "summary": {"covered_lines": 4, "num_statements": 4, "percent_covered": 100.0, "percent_covered_display": "100", "missing_lines": 0, "excluded_lines": 0, "percent_statements_covered": 100.0, "percent_statements_covered_display": "100"}, "missing_lines": [], "excluded_lines": [], "start_line": 1}}, "classes": {"": {"executed_lines": [1, 2, 3, 5], "summary": {"covered_lines": 4, "num_statements": 4, "percent_covered": 100.0, "percent_covered_display": "100", "missing_lines": 0, "excluded_lines": 0, "percent_statements_covered": 100.0, "percent_statements_covered_display": "100"}, "missing_lines": [], "excluded_lines": [], "start_line": 1}}}, "ourocode\\eurocode\\ec1\\exploitation.py": {"executed_lines": [1, 3, 4, 6, 9, 10, 11, 18, 19, 21, 22, 25, 26, 27, 30, 31, 34, 37, 38, 41, 44, 54, 55, 56, 58, 59, 60, 61, 62, 63, 64, 66, 67, 70, 81, 82, 83, 84, 85, 86, 87, 89, 90, 91, 92, 93, 94, 96, 97, 101], "summary": {"covered_lines": 50, "num_statements": 52, "percent_covered": 96.15384615384616, "percent_covered_display": "96", "missing_lines": 2, "excluded_lines": 0, "percent_statements_covered": 96.15384615384616, "percent_statements_covered_display": "96"}, "missing_lines": [102, 103], "excluded_lines": [], "functions": {"Exploitation.__init__": {"executed_lines": [18, 19], "summary": {"covered_lines": 2, "num_statements": 2, "percent_covered": 100.0, "percent_covered_display": "100", "missing_lines": 0, "excluded_lines": 0, "percent_statements_covered": 100.0, "percent_statements_covered_display": "100"}, "missing_lines": [], "excluded_lines": [], "start_line": 11}, "Exploitation.cat_exploitation": {"executed_lines": [25, 26, 27], "summary": {"covered_lines": 3, "num_statements": 3, "percent_covered": 100.0, "percent_covered_display": "100", "missing_lines": 0, "excluded_lines": 0, "percent_statements_covered": 100.0, "percent_statements_covered_display": "100"}, "missing_lines": [], "excluded_lines": [], "start_line": 22}, "Exploitation.qk": {"executed_lines": [34], "summary": {"covered_lines": 1, "num_statements": 1, "percent_covered": 100.0, "percent_covered_display": "100", "missing_lines": 0, "excluded_lines": 0, "percent_statements_covered": 100.0, "percent_statements_covered_display": "100"}, "missing_lines": [], "excluded_lines": [], "start_line": 31}, "Exploitation.Qk": {"executed_lines": [41], "summary": {"covered_lines": 1, "num_statements": 1, "percent_covered": 100.0, "percent_covered_display": "100", "missing_lines": 0, "excluded_lines": 0, "percent_statements_covered": 100.0, "percent_statements_covered_display": "100"}, "missing_lines": [], "excluded_lines": [], "start_line": 38}, "Exploitation.alpha_A": {"executed_lines": [54, 55, 56, 58, 59, 60, 64, 66, 67], "summary": {"covered_lines": 9, "num_statements": 9, "percent_covered": 100.0, "percent_covered_display": "100", "missing_lines": 0, "excluded_lines": 0, "percent_statements_covered": 100.0, "percent_statements_covered_display": "100"}, "missing_lines": [], "excluded_lines": [], "start_line": 44}, "Exploitation.alpha_A.val": {"executed_lines": [61, 62, 63], "summary": {"covered_lines": 3, "num_statements": 3, "percent_covered": 100.0, "percent_covered_display": "100", "missing_lines": 0, "excluded_lines": 0, "percent_statements_covered": 100.0, "percent_statements_covered_display": "100"}, "missing_lines": [], "excluded_lines": [], "start_line": 60}, "Exploitation.alpha_n": {"executed_lines": [81, 82, 83, 84, 87, 89, 90, 91, 92, 93, 94, 96, 97], "summary": {"covered_lines": 13, "num_statements": 13, "percent_covered": 100.0, "percent_covered_display": "100", "missing_lines": 0, "excluded_lines": 0, "percent_statements_covered": 100.0, "percent_statements_covered_display": "100"}, "missing_lines": [], "excluded_lines": [], "start_line": 70}, "Exploitation.alpha_n.val": {"executed_lines": [85, 86], "summary": {"covered_lines": 2, "num_statements": 2, "percent_covered": 100.0, "percent_covered_display": "100", "missing_lines": 0, "excluded_lines": 0, "percent_statements_covered": 100.0, "percent_statements_covered_display": "100"}, "missing_lines": [], "excluded_lines": [], "start_line": 84}, "": {"executed_lines": [1, 3, 4, 6, 9, 10, 11, 21, 22, 30, 31, 37, 38, 44, 70, 101], "summary": {"covered_lines": 16, "num_statements": 18, "percent_covered": 88.88888888888889, "percent_covered_display": "89", "missing_lines": 2, "excluded_lines": 0, "percent_statements_covered": 88.88888888888889, "percent_statements_covered_display": "89"}, "missing_lines": [102, 103], "excluded_lines": [], "start_line": 1}}, "classes": {"Exploitation": {"executed_lines": [18, 19, 25, 26, 27, 34, 41, 54, 55, 56, 58, 59, 60, 61, 62, 63, 64, 66, 67, 81, 82, 83, 84, 85, 86, 87, 89, 90, 91, 92, 93, 94, 96, 97], "summary": {"covered_lines": 34, "num_statements": 34, "percent_covered": 100.0, "percent_covered_display": "100", "missing_lines": 0, "excluded_lines": 0, "percent_statements_covered": 100.0, "percent_statements_covered_display": "100"}, "missing_lines": [], "excluded_lines": [], "start_line": 9}, "": {"executed_lines": [1, 3, 4, 6, 9, 10, 11, 21, 22, 30, 31, 37, 38, 44, 70, 101], "summary": {"covered_lines": 16, "num_statements": 18, "percent_covered": 88.88888888888889, "percent_covered_display": "89", "missing_lines": 2, "excluded_lines": 0, "percent_statements_covered": 88.88888888888889, "percent_statements_covered_display": "89"}, "missing_lines": [102, 103], "excluded_lines": [], "start_line": 1}}}, "ourocode\\eurocode\\ec1\\neige.py": {"executed_lines": [3, 4, 5, 7, 8, 10, 12, 13, 14, 15, 23, 32, 33, 34, 35, 36, 38, 39, 40, 41, 42, 45, 46, 52, 55, 56, 62, 65, 66, 69, 70, 71, 72, 73, 76, 77, 85, 86, 87, 88, 91, 92, 103, 104, 105, 106, 108, 109, 110, 111, 112, 113, 114, 115, 116, 120, 121, 122, 123, 125, 128, 141, 144, 145, 152, 153, 155, 156, 157, 158, 159, 161, 162, 169, 170, 171, 172, 173, 175, 176, 183, 184, 185, 186, 187, 202, 205, 206, 212, 213, 214, 216, 227, 228, 229, 230, 232, 233, 234, 235, 236, 270, 280, 283, 284, 290, 291, 292, 294, 295, 296, 297, 299, 300, 301, 302, 318, 321, 322, 328, 333, 334, 335, 336, 338, 339, 340, 342, 343, 345, 346, 347, 348, 362, 371, 372, 373, 374, 375, 376, 382, 383, 384, 385, 386, 387, 388, 393, 394, 396, 399, 400, 402, 413, 414, 415, 416, 417, 418, 419, 423], "summary": {"covered_lines": 161, "num_statements": 287, "percent_covered": 56.09756097560975, "percent_covered_display": "56", "missing_lines": 126, "excluded_lines": 0, "percent_statements_covered": 56.09756097560975, "percent_s
[...]
de\\mixins\\data_loader.py": {"executed_lines": [3, 4, 6, 9, 11, 12, 15, 28, 29, 30, 31, 32, 36, 51, 52, 53, 54, 55, 57, 70], "summary": {"covered_lines": 20, "num_statements": 30, "percent_covered": 66.66666666666667, "percent_covered_display": "67", "missing_lines": 10, "excluded_lines": 0, "percent_statements_covered": 66.66666666666667, "percent_statements_covered_display": "67"}, "missing_lines": [33, 34, 66, 67, 68, 81, 82, 83, 84, 85], "excluded_lines": [], "functions": {"get_package_path": {"executed_lines": [11, 12], "summary": {"covered_lines": 2, "num_statements": 2, "percent_covered": 100.0, "percent_covered_display": "100", "missing_lines": 0, "excluded_lines": 0, "percent_statements_covered": 100.0, "percent_statements_covered_display": "100"}, "missing_lines": [], "excluded_lines": [], "start_line": 9}, "DataLoaderMixin._data_from_csv": {"executed_lines": [51, 52, 53, 54, 55], "summary": {"covered_lines": 5, "num_statements": 5, "percent_covered": 100.0, "percent_covered_display": "100", "missing_lines": 0, "excluded_lines": 0, "percent_statements_covered": 100.0, "percent_statements_covered_display": "100"}, "missing_lines": [], "excluded_lines": [], "start_line": 36}, "DataLoaderMixin._data_from_json": {"executed_lines": [], "summary": {"covered_lines": 0, "num_statements": 3, "percent_covered": 0.0, "percent_covered_display": "0", "missing_lines": 3, "excluded_lines": 0, "percent_statements_covered": 0.0, "percent_statements_covered_display": "0"}, "missing_lines": [66, 67, 68], "excluded_lines": [], "start_line": 57}, "DataLoaderMixin._load_json": {"executed_lines": [], "summary": {"covered_lines": 0, "num_statements": 5, "percent_covered": 0.0, "percent_covered_display": "0", "missing_lines": 5, "excluded_lines": 0, "percent_statements_covered": 0.0, "percent_statements_covered_display": "0"}, "missing_lines": [81, 82, 83, 84, 85], "excluded_lines": [], "start_line": 70}, "": {"executed_lines": [3, 4, 6, 9, 15, 28, 29, 30, 31, 32, 36, 57, 70], "summary": {"covered_lines": 13, "num_statements": 15, "percent_covered": 86.66666666666667, "percent_covered_display": "87", "missing_lines": 2, "excluded_lines": 0, "percent_statements_covered": 86.66666666666667, "percent_statements_covered_display": "87"}, "missing_lines": [33, 34], "excluded_lines": [], "start_line": 1}}, "classes": {"DataLoaderMixin": {"executed_lines": [51, 52, 53, 54, 55], "summary": {"covered_lines": 5, "num_statements": 13, "percent_covered": 38.46153846153846, "percent_covered_display": "38", "missing_lines": 8, "excluded_lines": 0, "percent_statements_covered": 38.46153846153846, "percent_statements_covered_display": "38"}, "missing_lines": [66, 67, 68, 81, 82, 83, 84, 85], "excluded_lines": [], "start_line": 15}, "": {"executed_lines": [3, 4, 6, 9, 11, 12, 15, 28, 29, 30, 31, 32, 36, 57, 70], "summary": {"covered_lines": 15, "num_statements": 17, "percent_covered": 88.23529411764706, "percent_covered_display": "88", "missing_lines": 2, "excluded_lines": 0, "percent_statements_covered": 88.23529411764706, "percent_statements_covered_display": "88"}, "missing_lines": [33, 34], "excluded_lines": [], "start_line": 1}}}, "ourocode\\eurocode\\mixins\\math_utils.py": {"executed_lines": [3, 4, 6, 7, 8, 11, 22, 24, 33, 36, 46, 48, 58, 60, 74, 75, 76, 77, 78, 79, 80, 81, 82, 83, 84, 85, 86, 87, 89, 109, 110, 111, 114, 134, 135, 136, 138, 151, 152, 153, 154, 155, 156, 157, 158, 159, 160, 161, 162, 164, 186, 187, 188, 189, 190, 191, 192, 193, 194, 201, 203, 204, 225, 226, 227, 228, 229, 234, 235, 236, 239, 240, 241, 244, 249, 250, 251, 280, 282, 283, 299, 301, 302, 303, 305, 308, 309, 310, 311, 312, 313, 314, 315, 316, 318, 319, 331, 332], "summary": {"covered_lines": 98, "num_statements": 145, "percent_covered": 67.58620689655173, "percent_covered_display": "68", "missing_lines": 47, "excluded_lines": 0, "percent_statements_covered": 67.58620689655173, "percent_statements_covered_display": "68"}, "missing_lines": [195, 196, 197, 198, 199, 200, 230, 231, 232, 233, 237, 238, 242, 243, 245, 246, 247, 248, 252, 253, 254, 255, 256, 257, 258, 259, 260, 261, 262, 263, 264, 265, 266, 267, 268, 269, 270, 271, 272, 273, 274, 275, 276, 277, 278, 279, 306], "excluded_lines": [], "functions": {"MathUtilsMixin.abs_value": {"executed_lines": [33], "summary": {"covered_lines": 1, "num_statements": 1, "percent_covered": 100.0, "percent_covered_display": "100", "missing_lines": 0, "excluded_lines": 0, "percent_statements_covered": 100.0, "percent_statements_covered_display": "100"}, "missing_lines": [], "excluded_lines": [], "start_line": 24}, "MathUtilsMixin.max": {"executed_lines": [46], "summary": {"covered_lines": 1, "num_statements": 1, "percent_covered": 100.0, "percent_covered_display": "100", "missing_lines": 0, "excluded_lines": 0, "percent_statements_covered": 100.0, "percent_statements_covered_display": "100"}, "missing_lines": [], "excluded_lines": [], "start_line": 36}, "MathUtilsMixin.min": {"executed_lines": [58], "summary": {"covered_lines": 1, "num_statements": 1, "percent_covered": 100.0, "percent_covered_display": "100", "missing_lines": 0, "excluded_lines": 0, "percent_statements_covered": 100.0, "percent_statements_covered_display": "100"}, "missing_lines": [], "excluded_lines": [], "start_line": 48}, "MathUtilsMixin._extract_numbers": {"executed_lines": [74, 75, 76, 77, 78, 79, 80, 81, 82, 83, 84, 85, 86, 87], "summary": {"covered_lines": 14, "num_statements": 14, "percent_covered": 100.0, "percent_covered_display": "100", "missing_lines": 0, "excluded_lines": 0, "percent_statements_covered": 100.0, "percent_statements_covered_display": "100"}, "missing_lines": [], "excluded_lines": [], "start_line": 60}, "MathUtilsMixin.max_list": {"executed_lines": [109, 110, 111], "summary": {"covered_lines": 3, "num_statements": 3, "percent_covered": 100.0, "percent_covered_display": "100", "missing_lines": 0, "excluded_lines": 0, "percent_statements_covered": 100.0, "percent_statements_covered_display": "100"}, "missing_lines": [], "excluded_lines": [], "start_line": 89}, "MathUtilsMixin.min_list": {"executed_lines": [134, 135, 136], "summary": {"covered_lines": 3, "num_statements": 3, "percent_covered": 100.0, "percent_covered_display": "100", "missing_lines": 0, "excluded_lines": 0, "percent_statements_covered": 100.0, "percent_statements_covered_display": "100"}, "missing_lines": [], "excluded_lines": [], "start_line": 114}, "MathUtilsMixin.operation_between_values": {"executed_lines": [151, 152, 153, 154, 155, 156, 157, 158, 159, 160, 161, 162], "summary": {"covered_lines": 12, "num_statements": 12, "percent_covered": 100.0, "percent_covered_display": "100", "missing_lines": 0, "excluded_lines": 0, "percent_statements_covered": 100.0, "percent_statements_covered_display": "100"}, "missing_lines": [], "excluded_lines": [], "start_line": 138}, "MathUtilsMixin.get_trigonometric_value": {"executed_lines": [186, 187, 188, 189, 190, 191, 192, 193, 194, 201], "summary": {"covered_lines": 10, "num_statements": 16, "percent_covered": 62.5, "percent_covered_display": "62", "missing_lines": 6, "excluded_lines": 0, "percent_statements_covered": 62.5, "percent_statements_covered_display": "62"}, "missing_lines": [195, 196, 197, 198, 199, 200], "excluded_lines": [], "start_line": 164}, "MathUtilsMixin._convert_unit_physical": {"executed_lines": [225, 226, 227, 228, 229, 234, 235, 236, 239, 240, 241, 244, 249, 250, 251, 280], "summary": {"covered_lines": 16, "num_statements": 56, "percent_covered": 28.571428571428573, "percent_covered_display": "29", "missing_lines": 40, "excluded_lines": 0, "percent_statements_covered": 28.571428571428573, "percent_statements_covered_display": "29"}, "missing_lines": [230, 231, 232, 233, 237, 238, 242, 243, 245, 246, 247, 248, 252, 253, 254, 255, 256, 257, 258, 259, 260, 261, 262, 263, 264, 265, 266, 267, 268, 269, 270, 271, 272, 273, 274, 275, 276, 277, 278, 279], "excluded_lines": [], "start_line": 204}, "MathUtilsMixin._reset_physical_dictionnary": {"executed_lines": [299, 301, 302, 303, 305, 308, 309, 310, 311, 312, 313, 314, 315, 316], "summary": {"covered_lines": 14, "num_statements": 15, "percent_covered": 93.33333333333333, "percent_covered_display": "93", "missing_lines": 1, "excluded_lines": 0, "percent_statements_covered": 93.33333333333333, "percent_statements_covered_display": "93"}, "missing_lines": [306], "excluded_lines": [], "start_line": 283}, "MathUtilsMixin._reset_physical_object": {"executed_lines": [331, 332], "summary": {"covered_lines": 2, "num_statements": 2, "percent_covered": 100.0, "percent_covered_display": "100", "missing_lines": 0, "excluded_lines": 0, "percent_statements_covered": 100.0, "percent_statements_covered_display": "100"}, "missing_lines": [], "excluded_lines": [], "start_line": 319}, "": {"executed_lines": [3, 4, 6, 7, 8, 11, 22, 24, 36, 48, 60, 89, 114, 138, 164, 203, 204, 282, 283, 318, 319], "summary": {"covered_lines": 21, "num_statements": 21, "percent_covered": 100.0, "percent_covered_display": "100", "missing_lines": 0, "excluded_lines": 0, "percent_statements_covered": 100.0, "percent_statements_covered_display": "100"}, "missing_lines": [], "excluded_lines": [], "start_line": 1}}, "classes": {"MathUtilsMixin": {"executed_lines": [33, 46, 58, 74, 75, 76, 77, 78, 79, 80, 81, 82, 83, 84, 85, 86, 87, 109, 110, 111, 134, 135, 136, 151, 152, 153, 154, 155, 156, 157, 158, 159, 160, 161, 162, 186, 187, 188, 189, 190, 191, 192, 193, 194, 201, 225, 226, 227, 228, 229, 234, 235, 236, 239, 240, 241, 244, 249, 250, 251, 280, 299, 301, 302, 303, 305, 308, 309, 310, 311, 312, 313, 314, 315, 316, 331, 332], "summary": {"covered_lines": 77, "num_statements": 124, "percent_covered": 62.096774193548384, "percent_covered_display": "62", "missing_lines": 47, "excluded_lines": 0, "percent_statements_covered": 62.096774193548384, "percent_statements_covered_display": "62"}, "missing_lines": [195, 196, 197, 198, 199, 200, 230, 231, 232, 233, 237, 238, 242, 243, 245, 246, 247, 248, 252, 253, 254, 255, 256, 257, 258, 259, 260, 261, 262, 263, 264, 265, 266, 267, 268, 269, 270, 271, 272, 273, 274, 275, 276, 277, 278, 279, 306], "excluded_lines": [], "start_line": 11}, "": {"executed_lines": [3, 4, 6, 7, 8, 11, 22, 24, 36, 48, 60, 89, 114, 138, 164, 203, 204, 282, 283, 318, 319], "summary": {"covered_lines": 21, "num_statements": 21, "percent_covered": 100.0, "percent_covered_display": "100", "missing_lines": 0, "excluded_lines": 0, "percent_statements_covered": 100.0, "percent_statements_covered_display": "100"}, "missing_lines": [], "excluded_lines": [], "start_line": 1}}}, "ourocode\\eurocode\\mixins\\serialization.py": {"executed_lines": [3, 4, 5, 6, 8, 9, 12, 23, 37, 38, 39, 40, 41, 42, 43, 47, 49, 50, 65, 67, 68, 69, 71, 81, 82, 83, 84, 86, 99, 100, 102, 103, 105, 113, 114, 115, 116, 119, 120, 121, 123, 125, 142, 143, 144, 145, 149, 150, 161, 176, 177, 178, 182, 183, 193, 205, 215, 216, 231, 232], "summary": {"covered_lines": 60, "num_statements": 107, "percent_covered": 56.074766355140184, "percent_covered_display": "56", "missing_lines": 47, "excluded_lines": 0, "percent_statements_covered": 56.074766355140184, "percent_statements_covered_display": "56"}, "missing_lines": [72, 74, 75, 76, 77, 78, 79, 117, 118, 122, 151, 152, 156, 157, 158, 159, 184, 185, 189, 190, 191, 194, 195, 200, 201, 202, 206, 207, 211, 212, 217, 218, 220, 223, 224, 225, 226, 227, 228, 229, 233, 234, 235, 238, 239, 241, 242], "excluded_lines": [], "functions": {"SerializationMixin._physical_to_dict": {"executed_lines": [37, 38, 39, 40, 41, 42, 43, 47], "summary": {"covered_lines": 8, "num_statements": 8, "percent_covered": 100.0, "percent_covered_display": "100", "missing_lines": 0, "excluded_lines": 0, "percent_statements_covered": 100.0, "percent_statements_covered_display": "100"}, "missing_lines": [], "excluded_lines": [], "start_line": 23}, "SerializationMixin._resolve_unit_expr": {"executed_lines": [65, 67, 68, 69, 71, 81, 82, 83, 84], "summary": {"covered_lines": 9, "num_statements": 16, "percent_covered": 56.25, "percent_covered_display": "56", "missing_lines": 7, "excluded_lines": 0, "percent_statements_covered": 56.25, "percent_statements_covered_display": "56"}, "missing_lines": [72, 74, 75, 76, 77, 78, 79], "excluded_lines": [], "start_line": 50}, "SerializationMixin._dict_to_physical": {"executed_lines": [99, 100, 102, 103, 105, 113, 114, 115, 116, 119, 120, 121, 123], "summary": {"covered_lines": 13, "num_statements": 16, "percent_covered": 81.25, "percent_covered_display": "81", "missing_lines": 3, "excluded_lines": 0, "percent_statements_covered": 81.25, "percent_statements_covered_display": "81"}, "missing_lines": [117, 118, 122], "excluded_lines": [], "start_line": 86}, "SerializationMixin.save_data": {"executed_lines": [142, 143, 144, 145, 149, 150], "summary": {"covered_lines": 6, "num_statements": 12, "percent_covered": 50.0, "percent_covered_display": "50", "missing_lines": 6, "excluded_lines": 0, "percent_statements_covered": 50.0, "percent_statements_covered_display": "50"}, "missing_lines": [151, 152, 156, 157, 158, 159], "excluded_lines": [], "start_line": 125}, "SerializationMixin.load_data": {"executed_lines": [176, 177, 178, 182, 183], "summary": {"covered_lines": 5, "num_statements": 10, "percent_covered": 50.0, "percent_covered_display": "50", "missing_lines": 5, "excluded_lines": 0, "percent_statements_covered": 50.0, "percent_statements_covered_display": "50"}, "missing_lines": [184, 185, 189, 190, 191], "excluded_lines": [], "start_line": 161}, "SerializationMixin._save_muliple_objects": {"executed_lines": [], "summary": {"covered_lines": 0, "num_statements": 5, "percent_covered": 0.0, "percent_covered_display": "0", "missing_lines": 5, "excluded_lines": 0, "percent_statements_covered": 0.0, "percent_statements_covered_display": "0"}, "missing_lines": [194, 195, 200, 201, 202], "excluded_lines": [], "start_line": 193}, "SerializationMixin.save_object": {"executed_lines": [], "summary": {"covered_lines": 0, "num_statements": 4, "percent_covered": 0.0, "percent_covered_display": "0", "missing_lines": 4, "excluded_lines": 0, "percent_statements_covered": 0.0, "percent_statements_covered_display": "0"}, "missing_lines": [206, 207, 211, 212], "excluded_lines": [], "start_line": 205}, "SerializationMixin._open_multiple_objects": {"executed_lines": [], "summary": {"covered_lines": 0, "num_statements": 10, "percent_covered": 0.0, "percent_covered_display": "0", "missing_lines": 10, "excluded_lines": 0, "percent_statements_covered": 0.0, "percent_statements_covered_display": "0"}, "missing_lines": [217, 218, 220, 223, 224, 225, 226, 227, 228, 229], "excluded_lines": [], "start_line": 216}, "SerializationMixin._open_object": {"executed_lines": [], "summary": {"covered_lines": 0, "num_statements": 7, "percent_covered": 0.0, "percent_covered_display": "0", "missing_lines": 7, "excluded_lines": 0, "percent_statements_covered": 0.0, "percent_statements_covered_display": "0"}, "missing_lines": [233, 234, 235, 238, 239, 241, 242], "excluded_lines": [], "start_line": 232}, "": {"executed_lines": [3, 4, 5, 6, 8, 9, 12, 23, 49, 50, 86, 125, 161, 193, 205, 215, 216, 231, 232], "summary": {"covered_lines": 19, "num_statements": 19, "percent_covered": 100.0, "percent_covered_display": "100", "missing_lines": 0, "excluded_lines": 0, "percent_statements_covered": 100.0, "percent_statements_covered_display": "100"}, "missing_lines": [], "excluded_lines": [], "start_line": 1}}, "classes": {"SerializationMixin": {"executed_lines": [37, 38, 39, 40, 41, 42, 43, 47, 65, 67, 68, 69, 71, 81, 82, 83, 84, 99, 100, 102, 103, 105, 113, 114, 115, 116, 119, 120, 121, 123, 142, 143, 144, 145, 149, 150, 176, 177, 178, 182, 183], "summary": {"covered_lines": 41, "num_statements": 88, "percent_covered": 46.59090909090909, "percent_covered_display": "47", "missing_lines": 47, "excluded_lines": 0, "percent_statements_covered": 46.59090909090909, "percent_statements_covered_display": "47"}, "missing_lines": [72, 74, 75, 76, 77, 78, 79, 117, 118, 122, 151, 152, 156, 157, 158, 159, 184, 185, 189, 190, 191, 194, 195, 200, 201, 202, 206, 207, 211, 212, 217, 218, 220, 223, 224, 225, 226, 227, 228, 229, 233, 234, 235, 238, 239, 241, 242], "excluded_lines": [], "start_line": 12}, "": {"executed_lines": [3, 4, 5, 6, 8, 9, 12, 23, 49, 50, 86, 125, 161, 193, 205, 215, 216, 231, 232], "summary": {"covered_lines": 19, "num_statements": 19, "percent_covered": 100.0, "percent_covered_display": "100", "missing_lines": 0, "excluded_lines": 0, "percent_statements_covered": 100.0, "percent_statements_covered_display": "100"}, "missing_lines": [], "excluded_lines": [], "start_line": 1}}}, "ourocode\\eurocode\\mixins\\synthese.py": {"executed_lines": [3, 4, 6, 9, 17, 45, 47, 48, 50, 51, 52, 53, 54, 55, 59, 60, 61, 62, 68, 74, 75, 77, 79, 85, 87, 88, 89, 91, 94, 95, 97, 111, 112, 115, 116, 117, 118, 123, 124], "summary": {"covered_lines": 39, "num_statements": 42, "percent_covered": 92.85714285714286, "percent_covered_display": "93", "missing_lines": 3, "excluded_lines": 0, "percent_statements_covered": 92.85714285714286, "percent_statements_covered_display": "93"}, "missing_lines": [56, 57, 113], "excluded_lines": [], "functions": {"SyntheseMixin._add_synthese_taux_travail": {"executed_lines": [45, 47, 48, 50, 59, 60, 61, 62, 68, 74, 75, 77, 79, 85, 87, 88, 89, 91, 94, 95], "summary": {"covered_lines": 20, "num_statements": 20, "percent_covered": 100.0, "percent_covered_display": "100", "missing_lines": 0, "excluded_lines": 0, "percent_statements_covered": 100.0, "percent_statements_covered_display": "100"}, "missing_lines": [], "excluded_lines": [], "start_line": 17}, "SyntheseMixin._add_synthese_taux_travail._arrondi": {"executed_lines": [51, 52, 53, 54, 55], "summary": {"covered_lines": 5, "num_statements": 7, "percent_covered": 71.42857142857143, "percent_covered_display": "71", "missing_lines": 2, "excluded_lines": 0, "percent_statements_covered": 71.42857142857143, "percent_statements_covered_display": "71"}, "missing_lines": [56, 57], "excluded_lines": [], "start_line": 50}, "SyntheseMixin.synthese_taux_travail": {"executed_lines": [111, 112, 115, 116, 117, 118, 123, 124], "summary": {"covered_lines": 8, "num_statements": 9, "percent_covered": 88.88888888888889, "percent_covered_display": "89", "missing_lines": 1, "excluded_lines": 0, "percent_statements_covered": 88.88888888888889, "percent_statements_covered_display": "89"}, "missing_lines": [113], "excluded_lines": [], "start_line": 97}, "": {"executed_lines": [3, 4, 6, 9, 17, 97], "summary": {"covered_lines": 6, "num_statements": 6, "percent_covered": 100.0, "percent_covered_display": "100", "missing_lines": 0, "excluded_lines": 0, "percent_statements_covered": 100.0, "percent_statements_covered_display": "100"}, "missing_lines": [], "excluded_lines": [], "start_line": 1}}, "classes": {"SyntheseMixin": {"executed_lines": [45, 47, 48, 50, 51, 52, 53, 54, 55, 59, 60, 61, 62, 68, 74, 75, 77, 79, 85, 87, 88, 89, 91, 94, 95, 111, 112, 115, 116, 117, 118, 123, 124], "summary": {"covered_lines": 33, "num_statements": 36, "percent_covered": 91.66666666666667, "percent_covered_display": "92", "missing_lines": 3, "excluded_lines": 0, "percent_statements_covered": 91.66666666666667, "percent_statements_covered_display": "92"}, "missing_lines": [56, 57, 113], "excluded_lines": [], "start_line": 9}, "": {"executed_lines": [3, 4, 6, 9, 17, 97], "summary": {"covered_lines": 6, "num_statements": 6, "percent_covered": 100.0, "percent_covered_display": "100", "missing_lines": 0, "excluded_lines": 0, "percent_statements_covered": 100.0, "percent_statements_covered_display": "100"}, "missing_lines": [], "excluded_lines": [], "start_line": 1}}}}, "totals": {"covered_lines": 4839, "num_statements": 7654, "percent_covered": 63.22184478703946, "percent_covered_display": "63", "missing_lines": 2815, "excluded_lines": 1, "percent_statements_covered": 63.22184478703946, "percent_statements_covered_display": "63"}}